<?xml version="1.0" encoding="UTF-8"?>
<testsuite xmlns:xsi="http://www.w3.org/2001/XMLSchema-instance" xsi:noNamespaceSchemaLocation="https://maven.apache.org/surefire/maven-surefire-plugin/xsd/surefire-test-report-3.0.xsd" version="3.0" name="com.nexacart.backend.modules.cart.controller.CartControllerTest" time="0.066" tests="2" errors="0" skipped="0" failures="0">
  <properties>
[...]
</properties>
  <testcase name="testCartOperationsFlow" classname="com.nexacart.backend.modules.cart.controller.CartControllerTest" time="0.027">
    <system-out><![CDATA[2026-06-18T15:32:42.413+05:30  INFO 22895 --- [nexacart-backend] [           main] t.c.s.AnnotationConfigContextLoaderUtils : Could not detect default configuration classes for test class [com.nexacart.backend.modules.cart.controller.CartControllerTest]: CartControllerTest does not declare any static, non-private, non-final, nested classes annotated with @Configuration.
2026-06-18T15:32:42.423+05:30  INFO 22895 --- [nexacart-backend] [           main] .b.t.c.SpringBootTestContextBootstrapper : Found @SpringBootConfiguration com.nexacart.backend.NexaCartApplication for test class com.nexacart.backend.modules.cart.controller.CartControllerTest
2026-06-18T15:32:42.427+05:30 DEBUG 22895 --- [nexacart-backend] [           main] org.hibernate.SQL                        : 
    select
        w1_0.id,
        w1_0.created_at,
        w1_0.product_id,
        w1_0.user_id 
    from
        wishlists w1_0
Hibernate: 
    select
        w1_0.id,
        w1_0.created_at,
        w1_0.product_id,
        w1_0.user_id 
    from
        wishlists w1_0
2026-06-18T15:32:42.427+05:30 DEBUG 22895 --- [nexacart-backend] [           main] org.hibernate.SQL                        : 
    select
        ci1_0.id,
        ci1_0.cart_id,
        ci1_0.product_variant_id,
        ci1_0.quantity 
    from
        cart_items ci1_0
Hibernate: 
    select
        ci1_0.id,
        ci1_0.cart_id,
        ci1_0.product_variant_id,
        ci1_0.quantity 
    from
        cart_items ci1_0
2026-06-18T15:32:42.428+05:30 DEBUG 22895 --- [nexacart-backend] [           main] org.hibernate.SQL                        : 
    select
        c1_0.id,
        c1_0.updated_at,
        c1_0.user_id 
    from
        carts c1_0
Hibernate: 
    select
        c1_0.id,
        c1_0.updated_at,
        c1_0.user_id 
    from
        carts c1_0
2026-06-18T15:32:42.428+05:30 DEBUG 22895 --- [nexacart-backend] [           main] org.hibernate.SQL                        : 
    select
        p1_0.id,
        p1_0.category_id,
        p1_0.created_at,
        p1_0.created_by,
        p1_0.description,
        p1_0.is_active,
        p1_0.is_approved,
        p1_0.name,
        p1_0.price,
        p1_0.slug,
        p1_0.store_id,
        p1_0.updated_at,
        p1_0.updated_by 
    from
        products p1_0
Hibernate: 
    select
        p1_0.id,
        p1_0.category_id,
        p1_0.created_at,
        p1_0.created_by,
        p1_0.description,
        p1_0.is_active,
        p1_0.is_approved,
        p1_0.name,
        p1_0.price,
        p1_0.slug,
        p1_0.store_id,
        p1_0.updated_at,
        p1_0.updated_by 
    from
        products p1_0
2026-06-18T15:32:42.428+05:30 DEBUG 22895 --- [nexacart-backend] [           main] org.hibernate.SQL                        : 
    select
        c1_0.id,
        c1_0.created_at,
        c1_0.created_by,
        c1_0.name,
        c1_0.parent_id,
        c1_0.slug,
        c1_0.updated_at,
        c1_0.updated_by 
    from
        categories c1_0
Hibernate: 
    select
        c1_0.id,
        c1_0.created_at,
        c1_0.created_by,
        c1_0.name,
        c1_0.parent_id,
        c1_0.slug,
        c1_0.updated_at,
        c1_0.updated_by 
    from
        categories c1_0
2026-06-18T15:32:42.429+05:30 DEBUG 22895 --- [nexacart-backend] [           main] org.hibernate.SQL                        : 
    select
        s1_0.id,
        s1_0.banner_url,
        s1_0.commission_rate,
        s1_0.created_at,
        s1_0.created_by,
        s1_0.description,
        s1_0.logo_url,
        s1_0.name,
        s1_0.updated_at,
        s1_0.updated_by,
        s1_0.vendor_id 
    from
        stores s1_0
Hibernate: 
    select
        s1_0.id,
        s1_0.banner_url,
        s1_0.commission_rate,
        s1_0.created_at,
        s1_0.created_by,
        s1_0.description,
        s1_0.logo_url,
        s1_0.name,
        s1_0.updated_at,
        s1_0.updated_by,
        s1_0.vendor_id 
    from
        stores s1_0
2026-06-18T15:32:42.429+05:30 DEBUG 22895 --- [nexacart-backend] [           main] org.hibernate.SQL                        : 
    select
        v1_0.id,
        v1_0.bank_details,
        v1_0.business_name,
        v1_0.created_at,
        v1_0.created_by,
        v1_0.tax_id,
        v1_0.updated_at,
        v1_0.updated_by,
        v1_0.user_id,
        v1_0.verification_status 
    from
        vendors v1_0
Hibernate: 
    select
        v1_0.id,
        v1_0.bank_details,
        v1_0.business_name,
        v1_0.created_at,
        v1_0.created_by,
        v1_0.tax_id,
        v1_0.updated_at,
        v1_0.updated_by,
        v1_0.user_id,
        v1_0.verification_status 
    from
        vendors v1_0
2026-06-18T15:32:42.429+05:30 DEBUG 22895 --- [nexacart-backend] [           main] org.hibernate.SQL                        : 
    select
        u1_0.id,
        u1_0.created_at,
        u1_0.created_by,
        u1_0.email,
        u1_0.first_name,
        u1_0.last_name,
        u1_0.password,
        u1_0.phone,
        u1_0.role_id,
        u1_0.status,
        u1_0.updated_at,
        u1_0.updated_by 
    from
        users u1_0
Hibernate: 
    select
        u1_0.id,
        u1_0.created_at,
        u1_0.created_by,
        u1_0.email,
        u1_0.first_name,
        u1_0.last_name,
        u1_0.password,
        u1_0.phone,
        u1_0.role_id,
        u1_0.status,
        u1_0.updated_at,
        u1_0.updated_by 
    from
        users u1_0
2026-06-18T15:32:42.430+05:30 DEBUG 22895 --- [nexacart-backend] [           main] org.hibernate.SQL                        : 
    select
        r1_0.id,
        r1_0.name 
    from
        roles r1_0 
    where
        r1_0.name=?
Hibernate: 
    select
        r1_0.id,
        r1_0.name 
    from
        roles r1_0 
    where
        r1_0.name=?
2026-06-18T15:32:42.431+05:30 DEBUG 22895 --- [nexacart-backend] [           main] org.hibernate.SQL                        : 
    select
        r1_0.id,
        r1_0.name 
    from
        roles r1_0 
    where
        r1_0.name=?
Hibernate: 
    select
        r1_0.id,
        r1_0.name 
    from
        roles r1_0 
    where
        r1_0.name=?
2026-06-18T15:32:42.431+05:30 DEBUG 22895 --- [nexacart-backend] [           main] org.hibernate.SQL                        : 
    insert 
    into
        users
        (created_at, created_by, email, first_name, last_name, password, phone, role_id, status, updated_at, updated_by, id) 
    values
        (?, ?, ?, ?, ?, ?, ?, ?, ?, ?, ?, default)
Hibernate: 
    insert 
    into
        users
        (created_at, created_by, email, first_name, last_name, password, phone, role_id, status, updated_at, updated_by, id) 
    values
        (?, ?, ?, ?, ?, ?, ?, ?, ?, ?, ?, default)
2026-06-18T15:32:42.432+05:30 DEBUG 22895 --- [nexacart-backend] [           main] org.hibernate.SQL                        : 
    insert 
    into
        users
        (created_at, created_by, email, first_name, last_name, password, phone, role_id, status, updated_at, updated_by, id) 
    values
        (?, ?, ?, ?, ?, ?, ?, ?, ?, ?, ?, default)
Hibernate: 
    insert 
    into
        users
        (created_at, created_by, email, first_name, last_name, password, phone, role_id, status, updated_at, updated_by, id) 
    values
        (?, ?, ?, ?, ?, ?, ?, ?, ?, ?, ?, default)
2026-06-18T15:32:42.432+05:30 DEBUG 22895 --- [nexacart-backend] [           main] org.hibernate.SQL                        : 
    insert 
    into
        vendors
        (bank_details, business_name, created_at, created_by, tax_id, updated_at, updated_by, user_id, verification_status, id) 
    values
        (?, ?, ?, ?, ?, ?, ?, ?, ?, default)
Hibernate: 
    insert 
    into
        vendors
        (bank_details, business_name, created_at, created_by, tax_id, updated_at, updated_by, user_id, verification_status, id) 
    values
        (?, ?, ?, ?, ?, ?, ?, ?, ?, default)
2026-06-18T15:32:42.432+05:30 DEBUG 22895 --- [nexacart-backend] [           main] org.hibernate.SQL                        : 
    insert 
    into
        stores
        (banner_url, commission_rate, created_at, created_by, description, logo_url, name, updated_at, updated_by, vendor_id, id) 
    values
        (?, ?, ?, ?, ?, ?, ?, ?, ?, ?, default)
Hibernate: 
    insert 
    into
        stores
        (banner_url, commission_rate, created_at, created_by, description, logo_url, name, updated_at, updated_by, vendor_id, id) 
    values
        (?, ?, ?, ?, ?, ?, ?, ?, ?, ?, default)
2026-06-18T15:32:42.433+05:30 DEBUG 22895 --- [nexacart-backend] [           main] org.hibernate.SQL                        : 
    insert 
    into
        categories
        (created_at, created_by, name, parent_id, slug, updated_at, updated_by, id) 
    values
        (?, ?, ?, ?, ?, ?, ?, default)
Hibernate: 
    insert 
    into
        categories
        (created_at, created_by, name, parent_id, slug, updated_at, updated_by, id) 
    values
        (?, ?, ?, ?, ?, ?, ?, default)
2026-06-18T15:32:42.433+05:30 DEBUG 22895 --- [nexacart-backend] [           main] org.hibernate.SQL                        : 
    insert 
    into
        products
        (category_id, created_at, created_by, description, is_active, is_approved, name, price, slug, store_id, updated_at, updated_by, id) 
    values
        (?, ?, ?, ?, ?, ?, ?, ?, ?, ?, ?, ?, default)
Hibernate: 
    insert 
    into
        products
        (category_id, created_at, created_by, description, is_active, is_approved, name, price, slug, store_id, updated_at, updated_by, id) 
    values
        (?, ?, ?, ?, ?, ?, ?, ?, ?, ?, ?, ?, default)
2026-06-18T15:32:42.434+05:30 DEBUG 22895 --- [nexacart-backend] [           main] org.hibernate.SQL                        : 
    insert 
    into
        product_variants
        (color, price_modifier, product_id, size, sku, id) 
    values
        (?, ?, ?, ?, ?, default)
Hibernate: 
    insert 
    into
        product_variants
        (color, price_modifier, product_id, size, sku, id) 
    values
        (?, ?, ?, ?, ?, default)
2026-06-18T15:32:42.434+05:30 DEBUG 22895 --- [nexacart-backend] [           main] org.hibernate.SQL                        : 
    insert 
    into
        inventory
        (low_stock_threshold, product_variant_id, stock_quantity, updated_at, id) 
    values
        (?, ?, ?, ?, default)
Hibernate: 
    insert 
    into
        inventory
        (low_stock_threshold, product_variant_id, stock_quantity, updated_at, id) 
    values
        (?, ?, ?, ?, default)
2026-06-18T15:32:42.436+05:30 DEBUG 22895 --- [nexacart-backend] [           main] org.hibernate.SQL                        : 
    select
        c1_0.id,
        c1_0.updated_at,
        c1_0.user_id 
    from
        carts c1_0 
    left join
        users u1_0 
            on u1_0.id=c1_0.user_id 
    where
        u1_0.email=?
Hibernate: 
    select
        c1_0.id,
        c1_0.updated_at,
        c1_0.user_id 
    from
        carts c1_0 
    left join
        users u1_0 
            on u1_0.id=c1_0.user_id 
    where
        u1_0.email=?
2026-06-18T15:32:42.436+05:30 DEBUG 22895 --- [nexacart-backend] [           main] org.hibernate.SQL                        : 
    select
        u1_0.id,
        u1_0.created_at,
        u1_0.created_by,
        u1_0.email,
        u1_0.first_name,
        u1_0.last_name,
        u1_0.password,
        u1_0.phone,
        u1_0.role_id,
        u1_0.status,
        u1_0.updated_at,
        u1_0.updated_by 
    from
        users u1_0 
    where
        u1_0.email=?
Hibernate: 
    select
        u1_0.id,
        u1_0.created_at,
        u1_0.created_by,
        u1_0.email,
        u1_0.first_name,
        u1_0.last_name,
        u1_0.password,
        u1_0.phone,
        u1_0.role_id,
        u1_0.status,
        u1_0.updated_at,
        u1_0.updated_by 
    from
        users u1_0 
    where
        u1_0.email=?
2026-06-18T15:32:42.437+05:30 DEBUG 22895 --- [nexacart-backend] [           main] org.hibernate.SQL                        : 
    insert 
    into
        carts
        (updated_at, user_id, id) 
    values
        (?, ?, default)
Hibernate: 
    insert 
    into
        carts
        (updated_at, user_id, id) 
    values
        (?, ?, default)
2026-06-18T15:32:42.442+05:30 DEBUG 22895 --- [nexacart-backend] [           main] org.hibernate.SQL                        : 
    select
        c1_0.id,
        c1_0.updated_at,
        c1_0.user_id 
    from
        carts c1_0 
    left join
        users u1_0 
            on u1_0.id=c1_0.user_id 
    where
        u1_0.email=?
Hibernate: 
    select
        c1_0.id,
        c1_0.updated_at,
        c1_0.user_id 
    from
        carts c1_0 
    left join
        users u1_0 
            on u1_0.id=c1_0.user_id 
    where
        u1_0.email=?
2026-06-18T15:32:42.442+05:30 DEBUG 22895 --- [nexacart-backend] [           main] org.hibernate.SQL                        : 
    insert 
    into
        cart_items
        (cart_id, product_variant_id, quantity, id) 
    values
        (?, ?, ?, default)
Hibernate: 
    insert 
    into
        cart_items
        (cart_id, product_variant_id, quantity, id) 
    values
        (?, ?, ?, default)
2026-06-18T15:32:42.443+05:30  INFO 22895 --- [nexacart-backend] [           main] c.n.b.m.cart.service.CartServiceImpl     : Product variant added to cart: SKU=SMART-BLK-64, User=buyer@example.com
2026-06-18T15:32:42.446+05:30 DEBUG 22895 --- [nexacart-backend] [           main] org.hibernate.SQL                        : 
    select
        c1_0.id,
        c1_0.updated_at,
        c1_0.user_id 
    from
        carts c1_0 
    left join
        users u1_0 
            on u1_0.id=c1_0.user_id 
    where
        u1_0.email=?
Hibernate: 
    select
        c1_0.id,
        c1_0.updated_at,
        c1_0.user_id 
    from
        carts c1_0 
    left join
        users u1_0 
            on u1_0.id=c1_0.user_id 
    where
        u1_0.email=?
2026-06-18T15:32:42.446+05:30  INFO 22895 --- [nexacart-backend] [           main] c.n.b.m.cart.service.CartServiceImpl     : Cart item quantity updated: SKU=SMART-BLK-64, Quantity=5, User=buyer@example.com
2026-06-18T15:32:42.448+05:30 DEBUG 22895 --- [nexacart-backend] [           main] org.hibernate.SQL                        : 
    select
        c1_0.id,
        c1_0.updated_at,
        c1_0.user_id 
    from
        carts c1_0 
    left join
        users u1_0 
            on u1_0.id=c1_0.user_id 
    where
        u1_0.email=?
Hibernate: 
    select
        c1_0.id,
        c1_0.updated_at,
        c1_0.user_id 
    from
        carts c1_0 
    left join
        users u1_0 
            on u1_0.id=c1_0.user_id 
    where
        u1_0.email=?
2026-06-18T15:32:42.448+05:30 ERROR 22895 --- [nexacart-backend] [           main] c.n.b.g.e.GlobalExceptionHandler         : Application Exception: Status=400 BAD_REQUEST, Message=Insufficient stock. Available: 10
2026-06-18T15:32:42.450+05:30 DEBUG 22895 --- [nexacart-backend] [           main] org.hibernate.SQL                        : 
    select
        c1_0.id,
        c1_0.updated_at,
        c1_0.user_id 
    from
        carts c1_0 
    left join
        users u1_0 
            on u1_0.id=c1_0.user_id 
    where
        u1_0.email=?
Hibernate: 
    select
        c1_0.id,
        c1_0.updated_at,
        c1_0.user_id 
    from
        carts c1_0 
    left join
        users u1_0 
            on u1_0.id=c1_0.user_id 
    where
        u1_0.email=?
2026-06-18T15:32:42.450+05:30  INFO 22895 --- [nexacart-backend] [           main] c.n.b.m.cart.service.CartServiceImpl     : Product variant removed from cart: VariantId=5, User=buyer@example.com
]]></system-out>
  </testcase>
  <testcase name="testWishlistOperationsFlow" classname="com.nexacart.backend.modules.cart.controller.CartControllerTest" time="0.026">
    <system-out><![CDATA[2026-06-18T15:32:42.454+05:30 DEBUG 22895 --- [nexacart-backend] [           main] org.hibernate.SQL                        : 
    select
        w1_0.id,
        w1_0.created_at,
        w1_0.product_id,
        w1_0.user_id 
    from
        wishlists w1_0
Hibernate: 
    select
        w1_0.id,
        w1_0.created_at,
        w1_0.product_id,
        w1_0.user_id 
    from
        wishlists w1_0
2026-06-18T15:32:42.454+05:30 DEBUG 22895 --- [nexacart-backend] [           main] org.hibernate.SQL                        : 
    select
        ci1_0.id,
        ci1_0.cart_id,
        ci1_0.product_variant_id,
        ci1_0.quantity 
    from
        cart_items ci1_0
Hibernate: 
    select
        ci1_0.id,
        ci1_0.cart_id,
        ci1_0.product_variant_id,
        ci1_0.quantity 
    from
        cart_items ci1_0
2026-06-18T15:32:42.455+05:30 DEBUG 22895 --- [nexacart-backend] [           main] org.hibernate.SQL                        : 
    select
        c1_0.id,
        c1_0.updated_at,
        c1_0.user_id 
    from
        carts c1_0
Hibernate: 
    select
        c1_0.id,
        c1_0.updated_at,
        c1_0.user_id 
    from
        carts c1_0
2026-06-18T15:32:42.455+05:30 DEBUG 22895 --- [nexacart-backend] [           main] org.hibernate.SQL                        : 
    select
        p1_0.id,
        p1_0.category_id,
        p1_0.created_at,
        p1_0.created_by,
        p1_0.description,
        p1_0.is_active,
        p1_0.is_approved,
        p1_0.name,
        p1_0.price,
        p1_0.slug,
        p1_0.store_id,
        p1_0.updated_at,
        p1_0.updated_by 
    from
        products p1_0
Hibernate: 
    select
        p1_0.id,
        p1_0.category_id,
        p1_0.created_at,
        p1_0.created_by,
        p1_0.description,
        p1_0.is_active,
        p1_0.is_approved,
        p1_0.name,
        p1_0.price,
        p1_0.slug,
        p1_0.store_id,
        p1_0.updated_at,
        p1_0.updated_by 
    from
        products p1_0
2026-06-18T15:32:42.455+05:30 DEBUG 22895 --- [nexacart-backend] [           main] org.hibernate.SQL                        : 
    select
        c1_0.id,
        c1_0.created_at,
        c1_0.created_by,
        c1_0.name,
        c1_0.parent_id,
        c1_0.slug,
        c1_0.updated_at,
        c1_0.updated_by 
    from
        categories c1_0
Hibernate: 
    select
        c1_0.id,
        c1_0.created_at,
        c1_0.created_by,
        c1_0.name,
        c1_0.parent_id,
        c1_0.slug,
        c1_0.updated_at,
        c1_0.updated_by 
    from
        categories c1_0
2026-06-18T15:32:42.456+05:30 DEBUG 22895 --- [nexacart-backend] [           main] org.hibernate.SQL                        : 
    select
        s1_0.id,
        s1_0.banner_url,
        s1_0.commission_rate,
        s1_0.created_at,
        s1_0.created_by,
        s1_0.description,
        s1_0.logo_url,
        s1_0.name,
        s1_0.updated_at,
        s1_0.updated_by,
        s1_0.vendor_id 
    from
        stores s1_0
Hibernate: 
    select
        s1_0.id,
        s1_0.banner_url,
        s1_0.commission_rate,
        s1_0.created_at,
        s1_0.created_by,
        s1_0.description,
        s1_0.logo_url,
        s1_0.name,
        s1_0.updated_at,
        s1_0.updated_by,
        s1_0.vendor_id 
    from
        stores s1_0
2026-06-18T15:32:42.456+05:30 DEBUG 22895 --- [nexacart-backend] [           main] org.hibernate.SQL                        : 
    select
        v1_0.id,
        v1_0.bank_details,
        v1_0.business_name,
        v1_0.created_at,
        v1_0.created_by,
        v1_0.tax_id,
        v1_0.updated_at,
        v1_0.updated_by,
        v1_0.user_id,
        v1_0.verification_status 
    from
        vendors v1_0
Hibernate: 
    select
        v1_0.id,
        v1_0.bank_details,
        v1_0.business_name,
        v1_0.created_at,
        v1_0.created_by,
        v1_0.tax_id,
        v1_0.updated_at,
        v1_0.updated_by,
        v1_0.user_id,
        v1_0.verification_status 
    from
        vendors v1_0
2026-06-18T15:32:42.456+05:30 DEBUG 22895 --- [nexacart-backend] [           main] org.hibernate.SQL                        : 
    select
        u1_0.id,
        u1_0.created_at,
        u1_0.created_by,
        u1_0.email,
        u1_0.first_name,
        u1_0.last_name,
        u1_0.password,
        u1_0.phone,
        u1_0.role_id,
        u1_0.status,
        u1_0.updated_at,
        u1_0.updated_by 
    from
        users u1_0
Hibernate: 
    select
        u1_0.id,
        u1_0.created_at,
        u1_0.created_by,
        u1_0.email,
        u1_0.first_name,
        u1_0.last_name,
        u1_0.password,
        u1_0.phone,
        u1_0.role_id,
        u1_0.status,
        u1_0.updated_at,
        u1_0.updated_by 
    from
        users u1_0
2026-06-18T15:32:42.457+05:30 DEBUG 22895 --- [nexacart-backend] [           main] org.hibernate.SQL                        : 
    select
        r1_0.id,
        r1_0.name 
    from
        roles r1_0 
    where
        r1_0.name=?
Hibernate: 
    select
        r1_0.id,
        r1_0.name 
    from
        roles r1_0 
    where
        r1_0.name=?
2026-06-18T15:32:42.457+05:30 DEBUG 22895 --- [nexacart-backend] [           main] org.hibernate.SQL                        : 
    select
        r1_0.id,
        r1_0.name 
    from
        roles r1_0 
    where
        r1_0.name=?
Hibernate: 
    select
        r1_0.id,
        r1_0.name 
    from
        roles r1_0 
    where
        r1_0.name=?
2026-06-18T15:32:42.458+05:30 DEBUG 22895 --- [nexacart-backend] [           main] org.hibernate.SQL                        : 
    insert 
    into
        users
        (created_at, created_by, email, first_name, last_name, password, phone, role_id, status, updated_at, updated_by, id) 
    values
        (?, ?, ?, ?, ?, ?, ?, ?, ?, ?, ?, default)
Hibernate: 
    insert 
    into
        users
        (created_at, created_by, email, first_name, last_name, password, phone, role_id, status, updated_at, updated_by, id) 
    values
        (?, ?, ?, ?, ?, ?, ?, ?, ?, ?, ?, default)
2026-06-18T15:32:42.458+05:30 DEBUG 22895 --- [nexacart-backend] [           main] org.hibernate.SQL                        : 
    insert 
    into
        users
        (created_at, created_by, email, first_name, last_name, password, phone, role_id, status, updated_at, updated_by, id) 
    values
        (?, ?, ?, ?, ?, ?, ?, ?, ?, ?, ?, default)
Hibernate: 
    insert 
    into
        users
        (created_at, created_by, email, first_name, last_name, password, phone, role_id, status, updated_at, updated_by, id) 
    values
        (?, ?, ?, ?, ?, ?, ?, ?, ?, ?, ?, default)
2026-06-18T15:32:42.458+05:30 DEBUG 22895 --- [nexacart-backend] [           main] org.hibernate.SQL                        : 
    insert 
    into
        vendors
        (bank_details, business_name, created_at, created_by, tax_id, updated_at, updated_by, user_id, verification_status, id) 
    values
        (?, ?, ?, ?, ?, ?, ?, ?, ?, default)
Hibernate: 
    insert 
    into
        vendors
        (bank_details, business_name, created_at, created_by, tax_id, updated_at, updated_by, user_id, verification_status, id) 
    values
        (?, ?, ?, ?, ?, ?, ?, ?, ?, default)
2026-06-18T15:32:42.459+05:30 DEBUG 22895 --- [nexacart-backend] [           main] org.hibernate.SQL                        : 
    insert 
    into
        stores
        (banner_url, commission_rate, created_at, created_by, description, logo_url, name, updated_at, updated_by, vendor_id, id) 
    values
        (?, ?, ?, ?, ?, ?, ?, ?, ?, ?, default)
Hibernate: 
    insert 
    into
        stores
        (banner_url, commission_rate, created_at, created_by, description, logo_url, name, updated_at, updated_by, vendor_id, id) 
    values
        (?, ?, ?, ?, ?, ?, ?, ?, ?, ?, default)
2026-06-18T15:32:42.459+05:30 DEBUG 22895 --- [nexacart-backend] [           main] org.hibernate.SQL                        : 
    insert 
    into
        categories
        (created_at, created_by, name, parent_id, slug, updated_at, updated_by, id) 
    values
        (?, ?, ?, ?, ?, ?, ?, default)
Hibernate: 
    insert 
    into
        categories
        (created_at, created_by, name, parent_id, slug, updated_at, updated_by, id) 
    values
        (?, ?, ?, ?, ?, ?, ?, default)
2026-06-18T15:32:42.459+05:30 DEBUG 22895 --- [nexacart-backend] [           main] org.hibernate.SQL                        : 
    insert 
    into
        products
        (category_id, created_at, created_by, description, is_active, is_approved, name, price, slug, store_id, updated_at, updated_by, id) 
    values
        (?, ?, ?, ?, ?, ?, ?, ?, ?, ?, ?, ?, default)
Hibernate: 
    insert 
    into
        products
        (category_id, created_at, created_by, description, is_active, is_approved, name, price, slug, store_id, updated_at, updated_by, id) 
    values
        (?, ?, ?, ?, ?, ?, ?, ?, ?, ?, ?, ?, default)
2026-06-18T15:32:42.460+05:30 DEBUG 22895 --- [nexacart-backend] [           main] org.hibernate.SQL                        : 
    insert 
    into
        product_variants
        (color, price_modifier, product_id, size, sku, id) 
    values
        (?, ?, ?, ?, ?, default)
Hibernate: 
    insert 
    into
        product_variants
        (color, price_modifier, product_id, size, sku, id) 
    values
        (?, ?, ?, ?, ?, default)
2026-06-18T15:32:42.460+05:30 DEBUG 22895 --- [nexacart-backend] [           main] org.hibernate.SQL                        : 
    insert 
    into
        inventory
        (low_stock_threshold, product_variant_id, stock_quantity, updated_at, id) 
    values
        (?, ?, ?, ?, default)
Hibernate: 
    insert 
    into
        inventory
        (low_stock_threshold, product_variant_id, stock_quantity, updated_at, id) 
    values
        (?, ?, ?, ?, default)
2026-06-18T15:32:42.462+05:30 DEBUG 22895 --- [nexacart-backend] [           main] org.hibernate.SQL                        : 
    select
        u1_0.id,
        u1_0.created_at,
        u1_0.created_by,
        u1_0.email,
        u1_0.first_name,
        u1_0.last_name,
        u1_0.password,
        u1_0.phone,
        u1_0.role_id,
        u1_0.status,
        u1_0.updated_at,
        u1_0.updated_by 
    from
        users u1_0 
    where
        u1_0.email=?
Hibernate: 
    select
        u1_0.id,
        u1_0.created_at,
        u1_0.created_by,
        u1_0.email,
        u1_0.first_name,
        u1_0.last_name,
        u1_0.password,
        u1_0.phone,
        u1_0.role_id,
        u1_0.status,
        u1_0.updated_at,
        u1_0.updated_by 
    from
        users u1_0 
    where
        u1_0.email=?
2026-06-18T15:32:42.464+05:30 DEBUG 22895 --- [nexacart-backend] [           main] org.hibernate.SQL                        : 
    select
        w1_0.id 
    from
        wishlists w1_0 
    where
        w1_0.user_id=? 
        and w1_0.product_id=? 
    fetch
        first ? rows only
Hibernate: 
    select
        w1_0.id 
    from
        wishlists w1_0 
    where
        w1_0.user_id=? 
        and w1_0.product_id=? 
    fetch
        first ? rows only
2026-06-18T15:32:42.464+05:30 DEBUG 22895 --- [nexacart-backend] [           main] org.hibernate.SQL                        : 
    insert 
    into
        wishlists
        (created_at, product_id, user_id, id) 
    values
        (?, ?, ?, default)
Hibernate: 
    insert 
    into
        wishlists
        (created_at, product_id, user_id, id) 
    values
        (?, ?, ?, default)
2026-06-18T15:32:42.465+05:30  INFO 22895 --- [nexacart-backend] [           main] c.n.b.m.c.service.WishlistServiceImpl    : Product added to wishlist: ProductId=7, User=buyer@example.com
2026-06-18T15:32:42.467+05:30 DEBUG 22895 --- [nexacart-backend] [           main] org.hibernate.SQL                        : 
    select
        w1_0.id 
    from
        wishlists w1_0 
    where
        w1_0.user_id=? 
        and w1_0.product_id=? 
    fetch
        first ? rows only
Hibernate: 
    select
        w1_0.id 
    from
        wishlists w1_0 
    where
        w1_0.user_id=? 
        and w1_0.product_id=? 
    fetch
        first ? rows only
2026-06-18T15:32:42.468+05:30 DEBUG 22895 --- [nexacart-backend] [           main] org.hibernate.SQL                        : 
    select
        w1_0.id,
        w1_0.created_at,
        w1_0.product_id,
        w1_0.user_id 
    from
        wishlists w1_0 
    left join
        users u1_0 
            on u1_0.id=w1_0.user_id 
    where
        u1_0.email=?
Hibernate: 
    select
        w1_0.id,
        w1_0.created_at,
        w1_0.product_id,
        w1_0.user_id 
    from
        wishlists w1_0 
    left join
        users u1_0 
            on u1_0.id=w1_0.user_id 
    where
        u1_0.email=?
2026-06-18T15:32:42.471+05:30 DEBUG 22895 --- [nexacart-backend] [           main] org.hibernate.SQL                        : 
    select
        u1_0.id,
        u1_0.created_at,
        u1_0.created_by,
        u1_0.email,
        u1_0.first_name,
        u1_0.last_name,
        u1_0.password,
        u1_0.phone,
        u1_0.role_id,
        u1_0.status,
        u1_0.updated_at,
        u1_0.updated_by 
    from
        users u1_0 
    where
        u1_0.email=?
Hibernate: 
    select
        u1_0.id,
        u1_0.created_at,
        u1_0.created_by,
        u1_0.email,
        u1_0.first_name,
        u1_0.last_name,
        u1_0.password,
        u1_0.phone,
        u1_0.role_id,
        u1_0.status,
        u1_0.updated_at,
        u1_0.updated_by 
    from
        users u1_0 
    where
        u1_0.email=?
2026-06-18T15:32:42.471+05:30 DEBUG 22895 --- [nexacart-backend] [           main] org.hibernate.SQL                        : 
    select
        w1_0.id,
        w1_0.created_at,
        w1_0.product_id,
        w1_0.user_id 
    from
        wishlists w1_0 
    where
        w1_0.user_id=? 
        and w1_0.product_id=?
Hibernate: 
    select
        w1_0.id,
        w1_0.created_at,
        w1_0.product_id,
        w1_0.user_id 
    from
        wishlists w1_0 
    where
        w1_0.user_id=? 
        and w1_0.product_id=?
2026-06-18T15:32:42.473+05:30  INFO 22895 --- [nexacart-backend] [           main] c.n.b.m.c.service.WishlistServiceImpl    : Product removed from wishlist: ProductId=7, User=buyer@example.com
2026-06-18T15:32:42.474+05:30 DEBUG 22895 --- [nexacart-backend] [           main] org.hibernate.SQL                        : 
    update
        products 
    set
        category_id=?,
        description=?,
        is_active=?,
        is_approved=?,
        name=?,
        price=?,
        slug=?,
        store_id=?,
        updated_at=?,
        updated_by=? 
    where
        id=?
Hibernate: 
    update
        products 
    set
        category_id=?,
        description=?,
        is_active=?,
        is_approved=?,
        name=?,
        price=?,
        slug=?,
        store_id=?,
        updated_at=?,
        updated_by=? 
    where
        id=?
2026-06-18T15:32:42.475+05:30 DEBUG 22895 --- [nexacart-backend] [           main] org.hibernate.SQL                        : 
    delete 
    from
        wishlists 
    where
        id=?
Hibernate: 
    delete 
    from
        wishlists 
    where
        id=?
2026-06-18T15:32:42.477+05:30 DEBUG 22895 --- [nexacart-backend] [           main] org.hibernate.SQL                        : 
    select
        w1_0.id 
    from
        wishlists w1_0 
    where
        w1_0.user_id=? 
        and w1_0.product_id=? 
    fetch
        first ? rows only
Hibernate: 
    select
        w1_0.id 
    from
        wishlists w1_0 
    where
        w1_0.user_id=? 
        and w1_0.product_id=? 
    fetch
        first ? rows only
]]></system-out>
  </testcase>
</testsuite>