<?xml version="1.0" encoding="UTF-8"?>
<testsuite xmlns:xsi="http://www.w3.org/2001/XMLSchema-instance" xsi:noNamespaceSchemaLocation="https://maven.apache.org/surefire/maven-surefire-plugin/xsd/surefire-test-report-3.0.xsd" version="3.0" name="com.nexacart.backend.modules.order.controller.OrderControllerTest" time="3.828" tests="2" errors="0" skipped="0" failures="0">
  <properties>
[...]
</properties>
  <testcase name="testVendorFulfillmentEndpoint" classname="com.nexacart.backend.modules.order.controller.OrderControllerTest" time="0.371">
    <system-out><![CDATA[15:32:38.151 [main] INFO org.springframework.test.context.support.AnnotationConfigContextLoaderUtils -- Could not detect default configuration classes for test class [com.nexacart.backend.modules.order.controller.OrderControllerTest]: OrderControllerTest does not declare any static, non-private, non-final, nested classes annotated with @Configuration.
15:32:38.228 [main] INFO org.springframework.boot.test.context.SpringBootTestContextBootstrapper -- Found @SpringBootConfiguration com.nexacart.backend.NexaCartApplication for test class com.nexacart.backend.modules.order.controller.OrderControllerTest
15:32:38.296 [main] INFO org.springframework.boot.devtools.restart.RestartApplicationListener -- Restart disabled due to context in which it is running
  .   ____          _            __ _ _
 /\\ / ___'_ __ _ _(_)_ __  __ _ \ \ \ \
( ( )\___ | '_ | '_| | '_ \/ _` | \ \ \ \
 \\/  ___)| |_)| | | | | || (_| |  ) ) ) )
  '  |____| .__|_| |_|_| |_\__, | / / / /
 =========|_|==============|___/=/_/_/_/

 :: Spring Boot ::                (v3.3.0)

2026-06-18T15:32:38.419+05:30  INFO 22895 --- [nexacart-backend] [           main] c.n.b.m.o.c.OrderControllerTest          : Starting OrderControllerTest using Java 25.0.2 with PID 22895 (started by haripadpatar in /Users/haripadpatar/haripad/getcash/gamezone/NexaCart – Scalable Multi-Vendor E-Commerce Ecosystem)
2026-06-18T15:32:38.419+05:30  INFO 22895 --- [nexacart-backend] [           main] c.n.b.m.o.c.OrderControllerTest          : The following 1 profile is active: "test"
2026-06-18T15:32:38.850+05:30  INFO 22895 --- [nexacart-backend] [           main] .s.d.r.c.RepositoryConfigurationDelegate : Multiple Spring Data modules found, entering strict repository configuration mode
2026-06-18T15:32:38.851+05:30  INFO 22895 --- [nexacart-backend] [           main] .s.d.r.c.RepositoryConfigurationDelegate : Bootstrapping Spring Data JPA repositories in DEFAULT mode.
2026-06-18T15:32:38.938+05:30  INFO 22895 --- [nexacart-backend] [           main] .s.d.r.c.RepositoryConfigurationDelegate : Finished Spring Data repository scanning in 84 ms. Found 16 JPA repository interfaces.
2026-06-18T15:32:39.227+05:30  INFO 22895 --- [nexacart-backend] [           main] o.hibernate.jpa.internal.util.LogHelper  : HHH000204: Processing PersistenceUnitInfo [name: default]
2026-06-18T15:32:39.266+05:30  INFO 22895 --- [nexacart-backend] [           main] org.hibernate.Version                    : HHH000412: Hibernate ORM core version 6.5.2.Final
2026-06-18T15:32:39.282+05:30  INFO 22895 --- [nexacart-backend] [           main] o.h.c.internal.RegionFactoryInitiator    : HHH000026: Second-level cache disabled
2026-06-18T15:32:39.429+05:30  INFO 22895 --- [nexacart-backend] [           main] o.s.o.j.p.SpringPersistenceUnitInfo      : No LoadTimeWeaver setup: ignoring JPA class transformer
2026-06-18T15:32:39.441+05:30  INFO 22895 --- [nexacart-backend] [           main] com.zaxxer.hikari.HikariDataSource       : HikariPool-1 - Starting...
2026-06-18T15:32:39.514+05:30  INFO 22895 --- [nexacart-backend] [           main] com.zaxxer.hikari.pool.HikariPool        : HikariPool-1 - Added connection conn0: url=jdbc:h2:mem:testdb user=SA
2026-06-18T15:32:39.514+05:30  INFO 22895 --- [nexacart-backend] [           main] com.zaxxer.hikari.HikariDataSource       : HikariPool-1 - Start completed.
2026-06-18T15:32:39.529+05:30  WARN 22895 --- [nexacart-backend] [           main] org.hibernate.orm.deprecation            : HHH90000025: H2Dialect does not need to be specified explicitly using 'hibernate.dialect' (remove the property setting and it will be selected by default)
2026-06-18T15:32:40.063+05:30  INFO 22895 --- [nexacart-backend] [           main] o.h.e.t.j.p.i.JtaPlatformInitiator       : HHH000489: No JTA platform available (set 'hibernate.transaction.jta.platform' to enable JTA platform integration)
2026-06-18T15:32:40.069+05:30 DEBUG 22895 --- [nexacart-backend] [           main] org.hibernate.SQL                        : 
    drop table if exists addresses cascade 
Hibernate: 
    drop table if exists addresses cascade 
2026-06-18T15:32:40.070+05:30 DEBUG 22895 --- [nexacart-backend] [           main] org.hibernate.SQL                        : 
    drop table if exists cart_items cascade 
Hibernate: 
    drop table if exists cart_items cascade 
2026-06-18T15:32:40.070+05:30 DEBUG 22895 --- [nexacart-backend] [           main] org.hibernate.SQL                        : 
    drop table if exists carts cascade 
Hibernate: 
    drop table if exists carts cascade 
2026-06-18T15:32:40.070+05:30 DEBUG 22895 --- [nexacart-backend] [           main] org.hibernate.SQL                        : 
    drop table if exists categories cascade 
Hibernate: 
    drop table if exists categories cascade 
2026-06-18T15:32:40.071+05:30 DEBUG 22895 --- [nexacart-backend] [           main] org.hibernate.SQL                        : 
    drop table if exists coupons cascade 
Hibernate: 
    drop table if exists coupons cascade 
2026-06-18T15:32:40.071+05:30 DEBUG 22895 --- [nexacart-backend] [           main] org.hibernate.SQL                        : 
    drop table if exists inventory cascade 
Hibernate: 
    drop table if exists inventory cascade 
2026-06-18T15:32:40.071+05:30 DEBUG 22895 --- [nexacart-backend] [           main] org.hibernate.SQL                        : 
    drop table if exists order_items cascade 
Hibernate: 
    drop table if exists order_items cascade 
2026-06-18T15:32:40.071+05:30 DEBUG 22895 --- [nexacart-backend] [           main] org.hibernate.SQL                        : 
    drop table if exists orders cascade 
Hibernate: 
    drop table if exists orders cascade 
2026-06-18T15:32:40.071+05:30 DEBUG 22895 --- [nexacart-backend] [           main] org.hibernate.SQL                        : 
    drop table if exists payments cascade 
Hibernate: 
    drop table if exists payments cascade 
2026-06-18T15:32:40.071+05:30 DEBUG 22895 --- [nexacart-backend] [           main] org.hibernate.SQL                        : 
    drop table if exists product_images cascade 
Hibernate: 
    drop table if exists product_images cascade 
2026-06-18T15:32:40.071+05:30 DEBUG 22895 --- [nexacart-backend] [           main] org.hibernate.SQL                        : 
    drop table if exists product_variants cascade 
Hibernate: 
    drop table if exists product_variants cascade 
2026-06-18T15:32:40.071+05:30 DEBUG 22895 --- [nexacart-backend] [           main] org.hibernate.SQL                        : 
    drop table if exists products cascade 
Hibernate: 
    drop table if exists products cascade 
2026-06-18T15:32:40.072+05:30 DEBUG 22895 --- [nexacart-backend] [           main] org.hibernate.SQL                        : 
    drop table if exists roles cascade 
Hibernate: 
    drop table if exists roles cascade 
2026-06-18T15:32:40.072+05:30 DEBUG 22895 --- [nexacart-backend] [           main] org.hibernate.SQL                        : 
    drop table if exists stores cascade 
Hibernate: 
    drop table if exists stores cascade 
2026-06-18T15:32:40.072+05:30 DEBUG 22895 --- [nexacart-backend] [           main] org.hibernate.SQL                        : 
    drop table if exists users cascade 
Hibernate: 
    drop table if exists users cascade 
2026-06-18T15:32:40.072+05:30 DEBUG 22895 --- [nexacart-backend] [           main] org.hibernate.SQL                        : 
    drop table if exists vendors cascade 
Hibernate: 
    drop table if exists vendors cascade 
2026-06-18T15:32:40.072+05:30 DEBUG 22895 --- [nexacart-backend] [           main] org.hibernate.SQL                        : 
    drop table if exists wishlists cascade 
Hibernate: 
    drop table if exists wishlists cascade 
2026-06-18T15:32:40.074+05:30 DEBUG 22895 --- [nexacart-backend] [           main] org.hibernate.SQL                        : 
    create table addresses (
        is_default boolean not null,
        created_at timestamp(6) not null,
        id bigint generated by default as identity,
        updated_at timestamp(6) not null,
        user_id bigint not null,
        zip_code varchar(20) not null,
        city varchar(100) not null,
        country varchar(100) not null,
        state varchar(100) not null,
        created_by varchar(255),
        street varchar(255) not null,
        updated_by varchar(255),
        primary key (id)
    )
Hibernate: 
    create table addresses (
        is_default boolean not null,
        created_at timestamp(6) not null,
        id bigint generated by default as identity,
        updated_at timestamp(6) not null,
        user_id bigint not null,
        zip_code varchar(20) not null,
        city varchar(100) not null,
        country varchar(100) not null,
        state varchar(100) not null,
        created_by varchar(255),
        street varchar(255) not null,
        updated_by varchar(255),
        primary key (id)
    )
2026-06-18T15:32:40.077+05:30 DEBUG 22895 --- [nexacart-backend] [           main] org.hibernate.SQL                        : 
    create table cart_items (
        quantity integer not null,
        cart_id bigint not null,
        id bigint generated by default as identity,
        product_variant_id bigint not null,
        primary key (id),
        unique (cart_id, product_variant_id)
    )
Hibernate: 
    create table cart_items (
        quantity integer not null,
        cart_id bigint not null,
        id bigint generated by default as identity,
        product_variant_id bigint not null,
        primary key (id),
        unique (cart_id, product_variant_id)
    )
2026-06-18T15:32:40.078+05:30 DEBUG 22895 --- [nexacart-backend] [           main] org.hibernate.SQL                        : 
    create table carts (
        id bigint generated by default as identity,
        updated_at timestamp(6) not null,
        user_id bigint not null unique,
        primary key (id)
    )
Hibernate: 
    create table carts (
        id bigint generated by default as identity,
        updated_at timestamp(6) not null,
        user_id bigint not null unique,
        primary key (id)
    )
2026-06-18T15:32:40.079+05:30 DEBUG 22895 --- [nexacart-backend] [           main] org.hibernate.SQL                        : 
    create table categories (
        created_at timestamp(6) not null,
        id bigint generated by default as identity,
        parent_id bigint,
        updated_at timestamp(6) not null,
        name varchar(100) not null unique,
        slug varchar(100) not null unique,
        created_by varchar(255),
        updated_by varchar(255),
        primary key (id)
    )
Hibernate: 
    create table categories (
        created_at timestamp(6) not null,
        id bigint generated by default as identity,
        parent_id bigint,
        updated_at timestamp(6) not null,
        name varchar(100) not null unique,
        slug varchar(100) not null unique,
        created_by varchar(255),
        updated_by varchar(255),
        primary key (id)
    )
2026-06-18T15:32:40.080+05:30 DEBUG 22895 --- [nexacart-backend] [           main] org.hibernate.SQL                        : 
    create table coupons (
        discount_value numeric(10,2) not null,
        is_active boolean not null,
        min_order_amount numeric(12,2) not null,
        expiry_date timestamp(6) not null,
        id bigint generated by default as identity,
        store_id bigint,
        discount_type varchar(20) not null,
        code varchar(50) not null unique,
        primary key (id)
    )
Hibernate: 
    create table coupons (
        discount_value numeric(10,2) not null,
        is_active boolean not null,
        min_order_amount numeric(12,2) not null,
        expiry_date timestamp(6) not null,
        id bigint generated by default as identity,
        store_id bigint,
        discount_type varchar(20) not null,
        code varchar(50) not null unique,
        primary key (id)
    )
2026-06-18T15:32:40.081+05:30 DEBUG 22895 --- [nexacart-backend] [           main] org.hibernate.SQL                        : 
    create table inventory (
        low_stock_threshold integer not null,
        stock_quantity integer not null,
        id bigint generated by default as identity,
        product_variant_id bigint not null unique,
        updated_at timestamp(6) not null,
        primary key (id)
    )
Hibernate: 
    create table inventory (
        low_stock_threshold integer not null,
        stock_quantity integer not null,
        id bigint generated by default as identity,
        product_variant_id bigint not null unique,
        updated_at timestamp(6) not null,
        primary key (id)
    )
2026-06-18T15:32:40.081+05:30 DEBUG 22895 --- [nexacart-backend] [           main] org.hibernate.SQL                        : 
    create table order_items (
        price numeric(12,2) not null,
        quantity integer not null,
        id bigint generated by default as identity,
        order_id bigint not null,
        product_variant_id bigint not null,
        store_id bigint not null,
        fulfillment_status varchar(30) not null,
        primary key (id)
    )
Hibernate: 
    create table order_items (
        price numeric(12,2) not null,
        quantity integer not null,
        id bigint generated by default as identity,
        order_id bigint not null,
        product_variant_id bigint not null,
        store_id bigint not null,
        fulfillment_status varchar(30) not null,
        primary key (id)
    )
2026-06-18T15:32:40.082+05:30 DEBUG 22895 --- [nexacart-backend] [           main] org.hibernate.SQL                        : 
    create table orders (
        platform_commission numeric(12,2) not null,
        total_amount numeric(12,2) not null,
        coupon_id bigint,
        created_at timestamp(6) not null,
        id bigint generated by default as identity,
        shipping_address_id bigint not null,
        updated_at timestamp(6) not null,
        user_id bigint not null,
        status varchar(30) not null,
        order_number varchar(50) not null unique,
        primary key (id)
    )
Hibernate: 
    create table orders (
        platform_commission numeric(12,2) not null,
        total_amount numeric(12,2) not null,
        coupon_id bigint,
        created_at timestamp(6) not null,
        id bigint generated by default as identity,
        shipping_address_id bigint not null,
        updated_at timestamp(6) not null,
        user_id bigint not null,
        status varchar(30) not null,
        order_number varchar(50) not null unique,
        primary key (id)
    )
2026-06-18T15:32:40.084+05:30 DEBUG 22895 --- [nexacart-backend] [           main] org.hibernate.SQL                        : 
    create table payments (
        amount numeric(12,2) not null,
        created_at timestamp(6) not null,
        id bigint generated by default as identity,
        order_id bigint not null unique,
        updated_at timestamp(6) not null,
        status varchar(30) not null,
        provider varchar(50) not null,
        transaction_id varchar(100) unique,
        primary key (id)
    )
Hibernate: 
    create table payments (
        amount numeric(12,2) not null,
        created_at timestamp(6) not null,
        id bigint generated by default as identity,
        order_id bigint not null unique,
        updated_at timestamp(6) not null,
        status varchar(30) not null,
        provider varchar(50) not null,
        transaction_id varchar(100) unique,
        primary key (id)
    )
2026-06-18T15:32:40.084+05:30 DEBUG 22895 --- [nexacart-backend] [           main] org.hibernate.SQL                        : 
    create table product_images (
        is_primary boolean not null,
        id bigint generated by default as identity,
        product_id bigint not null,
        url varchar(255) not null,
        primary key (id)
    )
Hibernate: 
    create table product_images (
        is_primary boolean not null,
        id bigint generated by default as identity,
        product_id bigint not null,
        url varchar(255) not null,
        primary key (id)
    )
2026-06-18T15:32:40.085+05:30 DEBUG 22895 --- [nexacart-backend] [           main] org.hibernate.SQL                        : 
    create table product_variants (
        price_modifier numeric(12,2) not null,
        id bigint generated by default as identity,
        product_id bigint not null,
        color varchar(50),
        size varchar(50),
        sku varchar(100) not null unique,
        primary key (id)
    )
Hibernate: 
    create table product_variants (
        price_modifier numeric(12,2) not null,
        id bigint generated by default as identity,
        product_id bigint not null,
        color varchar(50),
        size varchar(50),
        sku varchar(100) not null unique,
        primary key (id)
    )
2026-06-18T15:32:40.086+05:30 DEBUG 22895 --- [nexacart-backend] [           main] org.hibernate.SQL                        : 
    create table products (
        is_active boolean not null,
        is_approved boolean not null,
        price numeric(12,2) not null,
        category_id bigint,
        created_at timestamp(6) not null,
        id bigint generated by default as identity,
        store_id bigint not null,
        updated_at timestamp(6) not null,
        name varchar(150) not null,
        slug varchar(150) not null unique,
        created_by varchar(255),
        description TEXT,
        updated_by varchar(255),
        primary key (id)
    )
Hibernate: 
    create table products (
        is_active boolean not null,
        is_approved boolean not null,
        price numeric(12,2) not null,
        category_id bigint,
        created_at timestamp(6) not null,
        id bigint generated by default as identity,
        store_id bigint not null,
        updated_at timestamp(6) not null,
        name varchar(150) not null,
        slug varchar(150) not null unique,
        created_by varchar(255),
        description TEXT,
        updated_by varchar(255),
        primary key (id)
    )
2026-06-18T15:32:40.086+05:30 DEBUG 22895 --- [nexacart-backend] [           main] org.hibernate.SQL                        : 
    create table roles (
        id bigint generated by default as identity,
        name enum ('ROLE_ADMIN','ROLE_CUSTOMER','ROLE_VENDOR') not null unique,
        primary key (id)
    )
Hibernate: 
    create table roles (
        id bigint generated by default as identity,
        name enum ('ROLE_ADMIN','ROLE_CUSTOMER','ROLE_VENDOR') not null unique,
        primary key (id)
    )
2026-06-18T15:32:40.087+05:30 DEBUG 22895 --- [nexacart-backend] [           main] org.hibernate.SQL                        : 
    create table stores (
        commission_rate numeric(5,2) not null,
        created_at timestamp(6) not null,
        id bigint generated by default as identity,
        updated_at timestamp(6) not null,
        vendor_id bigint not null unique,
        name varchar(100) not null unique,
        banner_url varchar(255),
        created_by varchar(255),
        description TEXT,
        logo_url varchar(255),
        updated_by varchar(255),
        primary key (id)
    )
Hibernate: 
    create table stores (
        commission_rate numeric(5,2) not null,
        created_at timestamp(6) not null,
        id bigint generated by default as identity,
        updated_at timestamp(6) not null,
        vendor_id bigint not null unique,
        name varchar(100) not null unique,
        banner_url varchar(255),
        created_by varchar(255),
        description TEXT,
        logo_url varchar(255),
        updated_by varchar(255),
        primary key (id)
    )
2026-06-18T15:32:40.088+05:30 DEBUG 22895 --- [nexacart-backend] [           main] org.hibernate.SQL                        : 
    create table users (
        created_at timestamp(6) not null,
        id bigint generated by default as identity,
        role_id bigint not null,
        updated_at timestamp(6) not null,
        phone varchar(20),
        first_name varchar(50) not null,
        last_name varchar(50) not null,
        email varchar(100) not null unique,
        created_by varchar(255),
        password varchar(255) not null,
        updated_by varchar(255),
        status enum ('ACTIVE','DEACTIVATED','SUSPENDED') not null,
        primary key (id)
    )
Hibernate: 
    create table users (
        created_at timestamp(6) not null,
        id bigint generated by default as identity,
        role_id bigint not null,
        updated_at timestamp(6) not null,
        phone varchar(20),
        first_name varchar(50) not null,
        last_name varchar(50) not null,
        email varchar(100) not null unique,
        created_by varchar(255),
        password varchar(255) not null,
        updated_by varchar(255),
        status enum ('ACTIVE','DEACTIVATED','SUSPENDED') not null,
        primary key (id)
    )
2026-06-18T15:32:40.089+05:30 DEBUG 22895 --- [nexacart-backend] [           main] org.hibernate.SQL                        : 
    create table vendors (
        created_at timestamp(6) not null,
        id bigint generated by default as identity,
        updated_at timestamp(6) not null,
        user_id bigint not null unique,
        tax_id varchar(50) not null,
        business_name varchar(150) not null,
        bank_details TEXT,
        created_by varchar(255),
        updated_by varchar(255),
        verification_status enum ('APPROVED','PENDING','REJECTED') not null,
        primary key (id)
    )
Hibernate: 
    create table vendors (
        created_at timestamp(6) not null,
        id bigint generated by default as identity,
        updated_at timestamp(6) not null,
        user_id bigint not null unique,
        tax_id varchar(50) not null,
        business_name varchar(150) not null,
        bank_details TEXT,
        created_by varchar(255),
        updated_by varchar(255),
        verification_status enum ('APPROVED','PENDING','REJECTED') not null,
        primary key (id)
    )
2026-06-18T15:32:40.089+05:30 DEBUG 22895 --- [nexacart-backend] [           main] org.hibernate.SQL                        : 
    create table wishlists (
        created_at timestamp(6) not null,
        id bigint generated by default as identity,
        product_id bigint not null,
        user_id bigint not null,
        primary key (id),
        unique (user_id, product_id)
    )
Hibernate: 
    create table wishlists (
        created_at timestamp(6) not null,
        id bigint generated by default as identity,
        product_id bigint not null,
        user_id bigint not null,
        primary key (id),
        unique (user_id, product_id)
    )
2026-06-18T15:32:40.090+05:30 DEBUG 22895 --- [nexacart-backend] [           main] org.hibernate.SQL                        : 
    create index idx_addresses_user_id 
       on addresses (user_id)
Hibernate: 
    create index idx_addresses_user_id 
       on addresses (user_id)
2026-06-18T15:32:40.090+05:30 DEBUG 22895 --- [nexacart-backend] [           main] org.hibernate.SQL                        : 
    create index idx_categories_slug 
       on categories (slug)
Hibernate: 
    create index idx_categories_slug 
       on categories (slug)
2026-06-18T15:32:40.091+05:30 DEBUG 22895 --- [nexacart-backend] [           main] org.hibernate.SQL                        : 
    create index idx_coupons_code 
       on coupons (code)
Hibernate: 
    create index idx_coupons_code 
       on coupons (code)
2026-06-18T15:32:40.091+05:30 DEBUG 22895 --- [nexacart-backend] [           main] org.hibernate.SQL                        : 
    create index idx_order_items_order 
       on order_items (order_id)
Hibernate: 
    create index idx_order_items_order 
       on order_items (order_id)
2026-06-18T15:32:40.091+05:30 DEBUG 22895 --- [nexacart-backend] [           main] org.hibernate.SQL                        : 
    create index idx_order_items_store 
       on order_items (store_id)
Hibernate: 
    create index idx_order_items_store 
       on order_items (store_id)
2026-06-18T15:32:40.091+05:30 DEBUG 22895 --- [nexacart-backend] [           main] org.hibernate.SQL                        : 
    create index idx_orders_user 
       on orders (user_id)
Hibernate: 
    create index idx_orders_user 
       on orders (user_id)
2026-06-18T15:32:40.092+05:30 DEBUG 22895 --- [nexacart-backend] [           main] org.hibernate.SQL                        : 
    create index idx_orders_number 
       on orders (order_number)
Hibernate: 
    create index idx_orders_number 
       on orders (order_number)
2026-06-18T15:32:40.092+05:30 DEBUG 22895 --- [nexacart-backend] [           main] org.hibernate.SQL                        : 
    create index idx_variants_product 
       on product_variants (product_id)
Hibernate: 
    create index idx_variants_product 
       on product_variants (product_id)
2026-06-18T15:32:40.092+05:30 DEBUG 22895 --- [nexacart-backend] [           main] org.hibernate.SQL                        : 
    create index idx_variants_sku 
       on product_variants (sku)
Hibernate: 
    create index idx_variants_sku 
       on product_variants (sku)
2026-06-18T15:32:40.092+05:30 DEBUG 22895 --- [nexacart-backend] [           main] org.hibernate.SQL                        : 
    create index idx_products_store 
       on products (store_id)
Hibernate: 
    create index idx_products_store 
       on products (store_id)
2026-06-18T15:32:40.092+05:30 DEBUG 22895 --- [nexacart-backend] [           main] org.hibernate.SQL                        : 
    create index idx_products_category 
       on products (category_id)
Hibernate: 
    create index idx_products_category 
       on products (category_id)
2026-06-18T15:32:40.093+05:30 DEBUG 22895 --- [nexacart-backend] [           main] org.hibernate.SQL                        : 
    create index idx_products_slug 
       on products (slug)
Hibernate: 
    create index idx_products_slug 
       on products (slug)
2026-06-18T15:32:40.093+05:30 DEBUG 22895 --- [nexacart-backend] [           main] org.hibernate.SQL                        : 
    create index idx_products_approved_active 
       on products (is_approved, is_active)
Hibernate: 
    create index idx_products_approved_active 
       on products (is_approved, is_active)
2026-06-18T15:32:40.093+05:30 DEBUG 22895 --- [nexacart-backend] [           main] org.hibernate.SQL                        : 
    create index idx_users_email 
       on users (email)
Hibernate: 
    create index idx_users_email 
       on users (email)
2026-06-18T15:32:40.093+05:30 DEBUG 22895 --- [nexacart-backend] [           main] org.hibernate.SQL                        : 
    alter table if exists addresses 
       add constraint FK1fa36y2oqhao3wgg2rw1pi459 
       foreign key (user_id) 
       references users
Hibernate: 
    alter table if exists addresses 
       add constraint FK1fa36y2oqhao3wgg2rw1pi459 
       foreign key (user_id) 
       references users
2026-06-18T15:32:40.098+05:30 DEBUG 22895 --- [nexacart-backend] [           main] org.hibernate.SQL                        : 
    alter table if exists cart_items 
       add constraint FKpcttvuq4mxppo8sxggjtn5i2c 
       foreign key (cart_id) 
       references carts
Hibernate: 
    alter table if exists cart_items 
       add constraint FKpcttvuq4mxppo8sxggjtn5i2c 
       foreign key (cart_id) 
       references carts
2026-06-18T15:32:40.099+05:30 DEBUG 22895 --- [nexacart-backend] [           main] org.hibernate.SQL                        : 
    alter table if exists cart_items 
       add constraint FKn1s4l7h0vm4o259wpu7ft0y2y 
       foreign key (product_variant_id) 
       references product_variants
Hibernate: 
    alter table if exists cart_items 
       add constraint FKn1s4l7h0vm4o259wpu7ft0y2y 
       foreign key (product_variant_id) 
       references product_variants
2026-06-18T15:32:40.099+05:30 DEBUG 22895 --- [nexacart-backend] [           main] org.hibernate.SQL                        : 
    alter table if exists carts 
       add constraint FKb5o626f86h46m4s7ms6ginnop 
       foreign key (user_id) 
       references users
Hibernate: 
    alter table if exists carts 
       add constraint FKb5o626f86h46m4s7ms6ginnop 
       foreign key (user_id) 
       references users
2026-06-18T15:32:40.100+05:30 DEBUG 22895 --- [nexacart-backend] [           main] org.hibernate.SQL                        : 
    alter table if exists categories 
       add constraint FKsaok720gsu4u2wrgbk10b5n8d 
       foreign key (parent_id) 
       references categories
Hibernate: 
    alter table if exists categories 
       add constraint FKsaok720gsu4u2wrgbk10b5n8d 
       foreign key (parent_id) 
       references categories
2026-06-18T15:32:40.100+05:30 DEBUG 22895 --- [nexacart-backend] [           main] org.hibernate.SQL                        : 
    alter table if exists coupons 
       add constraint FK4nbkwp07tjuxyq0arduy2ax2i 
       foreign key (store_id) 
       references stores
Hibernate: 
    alter table if exists coupons 
       add constraint FK4nbkwp07tjuxyq0arduy2ax2i 
       foreign key (store_id) 
       references stores
2026-06-18T15:32:40.101+05:30 DEBUG 22895 --- [nexacart-backend] [           main] org.hibernate.SQL                        : 
    alter table if exists inventory 
       add constraint FKrh3ah6qwgo1pipvxjby2a7208 
       foreign key (product_variant_id) 
       references product_variants
Hibernate: 
    alter table if exists inventory 
       add constraint FKrh3ah6qwgo1pipvxjby2a7208 
       foreign key (product_variant_id) 
       references product_variants
2026-06-18T15:32:40.101+05:30 DEBUG 22895 --- [nexacart-backend] [           main] org.hibernate.SQL                        : 
    alter table if exists order_items 
       add constraint FKbioxgbv59vetrxe0ejfubep1w 
       foreign key (order_id) 
       references orders
Hibernate: 
    alter table if exists order_items 
       add constraint FKbioxgbv59vetrxe0ejfubep1w 
       foreign key (order_id) 
       references orders
2026-06-18T15:32:40.102+05:30 DEBUG 22895 --- [nexacart-backend] [           main] org.hibernate.SQL                        : 
    alter table if exists order_items 
       add constraint FKltmtlue0wixrg1cf0xo7x0l4d 
       foreign key (product_variant_id) 
       references product_variants
Hibernate: 
    alter table if exists order_items 
       add constraint FKltmtlue0wixrg1cf0xo7x0l4d 
       foreign key (product_variant_id) 
       references product_variants
2026-06-18T15:32:40.102+05:30 DEBUG 22895 --- [nexacart-backend] [           main] org.hibernate.SQL                        : 
    alter table if exists order_items 
       add constraint FKokssvkh5oimo94ipqywams1hg 
       foreign key (store_id) 
       references stores
Hibernate: 
    alter table if exists order_items 
       add constraint FKokssvkh5oimo94ipqywams1hg 
       foreign key (store_id) 
       references stores
2026-06-18T15:32:40.103+05:30 DEBUG 22895 --- [nexacart-backend] [           main] org.hibernate.SQL                        : 
    alter table if exists orders 
       add constraint FKn1d1gkxckw648m2n2d5gx0yx5 
       foreign key (coupon_id) 
       references coupons
Hibernate: 
    alter table if exists orders 
       add constraint FKn1d1gkxckw648m2n2d5gx0yx5 
       foreign key (coupon_id) 
       references coupons
2026-06-18T15:32:40.103+05:30 DEBUG 22895 --- [nexacart-backend] [           main] org.hibernate.SQL                        : 
    alter table if exists orders 
       add constraint FKmk6q95x8ffidq82wlqjaq7sqc 
       foreign key (shipping_address_id) 
       references addresses
Hibernate: 
    alter table if exists orders 
       add constraint FKmk6q95x8ffidq82wlqjaq7sqc 
       foreign key (shipping_address_id) 
       references addresses
2026-06-18T15:32:40.104+05:30 DEBUG 22895 --- [nexacart-backend] [           main] org.hibernate.SQL                        : 
    alter table if exists orders 
       add constraint FK32ql8ubntj5uh44ph9659tiih 
       foreign key (user_id) 
       references users
Hibernate: 
    alter table if exists orders 
       add constraint FK32ql8ubntj5uh44ph9659tiih 
       foreign key (user_id) 
       references users
2026-06-18T15:32:40.104+05:30 DEBUG 22895 --- [nexacart-backend] [           main] org.hibernate.SQL                        : 
    alter table if exists payments 
       add constraint FK81gagumt0r8y3rmudcgpbk42l 
       foreign key (order_id) 
       references orders
Hibernate: 
    alter table if exists payments 
       add constraint FK81gagumt0r8y3rmudcgpbk42l 
       foreign key (order_id) 
       references orders
2026-06-18T15:32:40.105+05:30 DEBUG 22895 --- [nexacart-backend] [           main] org.hibernate.SQL                        : 
    alter table if exists product_images 
       add constraint FKqnq71xsohugpqwf3c9gxmsuy 
       foreign key (product_id) 
       references products
Hibernate: 
    alter table if exists product_images 
       add constraint FKqnq71xsohugpqwf3c9gxmsuy 
       foreign key (product_id) 
       references products
2026-06-18T15:32:40.105+05:30 DEBUG 22895 --- [nexacart-backend] [           main] org.hibernate.SQL                        : 
    alter table if exists product_variants 
       add constraint FKosqitn4s405cynmhb87lkvuau 
       foreign key (product_id) 
       references products
Hibernate: 
    alter table if exists product_variants 
       add constraint FKosqitn4s405cynmhb87lkvuau 
       foreign key (product_id) 
       references products
2026-06-18T15:32:40.106+05:30 DEBUG 22895 --- [nexacart-backend] [           main] org.hibernate.SQL                        : 
    alter table if exists products 
       add constraint FKog2rp4qthbtt2lfyhfo32lsw9 
       foreign key (category_id) 
       references categories
Hibernate: 
    alter table if exists products 
       add constraint FKog2rp4qthbtt2lfyhfo32lsw9 
       foreign key (category_id) 
       references categories
2026-06-18T15:32:40.106+05:30 DEBUG 22895 --- [nexacart-backend] [           main] org.hibernate.SQL                        : 
    alter table if exists products 
       add constraint FKgcyffheofvmy2x5l78xam63mc 
       foreign key (store_id) 
       references stores
Hibernate: 
    alter table if exists products 
       add constraint FKgcyffheofvmy2x5l78xam63mc 
       foreign key (store_id) 
       references stores
2026-06-18T15:32:40.107+05:30 DEBUG 22895 --- [nexacart-backend] [           main] org.hibernate.SQL                        : 
    alter table if exists stores 
       add constraint FK99hvkwrg91b66sfes8bfa87a5 
       foreign key (vendor_id) 
       references vendors
Hibernate: 
    alter table if exists stores 
       add constraint FK99hvkwrg91b66sfes8bfa87a5 
       foreign key (vendor_id) 
       references vendors
2026-06-18T15:32:40.107+05:30 DEBUG 22895 --- [nexacart-backend] [           main] org.hibernate.SQL                        : 
    alter table if exists users 
       add constraint FKp56c1712k691lhsyewcssf40f 
       foreign key (role_id) 
       references roles
Hibernate: 
    alter table if exists users 
       add constraint FKp56c1712k691lhsyewcssf40f 
       foreign key (role_id) 
       references roles
2026-06-18T15:32:40.108+05:30 DEBUG 22895 --- [nexacart-backend] [           main] org.hibernate.SQL                        : 
    alter table if exists vendors 
       add constraint FKiuqso7j7nivq7sb3v3v4j7ein 
       foreign key (user_id) 
       references users
Hibernate: 
    alter table if exists vendors 
       add constraint FKiuqso7j7nivq7sb3v3v4j7ein 
       foreign key (user_id) 
       references users
2026-06-18T15:32:40.108+05:30 DEBUG 22895 --- [nexacart-backend] [           main] org.hibernate.SQL                        : 
    alter table if exists wishlists 
       add constraint FKl7ao98u2bm8nijc1rv4jobcrx 
       foreign key (product_id) 
       references products
Hibernate: 
    alter table if exists wishlists 
       add constraint FKl7ao98u2bm8nijc1rv4jobcrx 
       foreign key (product_id) 
       references products
2026-06-18T15:32:40.109+05:30 DEBUG 22895 --- [nexacart-backend] [           main] org.hibernate.SQL                        : 
    alter table if exists wishlists 
       add constraint FK330pyw2el06fn5g28ypyljt16 
       foreign key (user_id) 
       references users
Hibernate: 
    alter table if exists wishlists 
       add constraint FK330pyw2el06fn5g28ypyljt16 
       foreign key (user_id) 
       references users
2026-06-18T15:32:40.111+05:30  INFO 22895 --- [nexacart-backend] [           main] j.LocalContainerEntityManagerFactoryBean : Initialized JPA EntityManagerFactory for persistence unit 'default'
2026-06-18T15:32:40.303+05:30  INFO 22895 --- [nexacart-backend] [           main] o.s.d.j.r.query.QueryEnhancerFactory     : Hibernate is in classpath; If applicable, HQL parser will be used.
2026-06-18T15:32:40.674+05:30  INFO 22895 --- [nexacart-backend] [           main] eAuthenticationProviderManagerConfigurer : Global AuthenticationManager configured with AuthenticationProvider bean with name authenticationProvider
2026-06-18T15:32:40.675+05:30  WARN 22895 --- [nexacart-backend] [           main] r$InitializeUserDetailsManagerConfigurer : Global AuthenticationManager configured with an AuthenticationProvider bean. UserDetailsService beans will not be used for username/password login. Consider removing the AuthenticationProvider bean. Alternatively, consider using the UserDetailsService in a manually instantiated DaoAuthenticationProvider.
2026-06-18T15:32:40.858+05:30  WARN 22895 --- [nexacart-backend] [           main] JpaBaseConfiguration$JpaWebConfiguration : spring.jpa.open-in-view is enabled by default. Therefore, database queries may be performed during view rendering. Explicitly configure spring.jpa.open-in-view to disable this warning
2026-06-18T15:32:41.011+05:30  INFO 22895 --- [nexacart-backend] [           main] o.s.s.web.DefaultSecurityFilterChain     : Will secure any request with [org.springframework.security.web.session.DisableEncodeUrlFilter@647b7f63, org.springframework.security.web.context.request.async.WebAsyncManagerIntegrationFilter@6bc7eb0f, org.springframework.security.web.context.SecurityContextHolderFilter@bfe51c3, org.springframework.security.web.header.HeaderWriterFilter@495afaf5, org.springframework.web.filter.CorsFilter@e06d647, org.springframework.security.web.authentication.logout.LogoutFilter@61dc8a64, com.nexacart.backend.global.security.AuthTokenFilter@1bfc6e50, org.springframework.security.web.savedrequest.RequestCacheAwareFilter@6e133ed, org.springframework.security.web.servletapi.SecurityContextHolderAwareRequestFilter@44a83ca4, org.springframework.security.web.authentication.AnonymousAuthenticationFilter@d5b9704, org.springframework.security.web.session.SessionManagementFilter@64f5a6ec, org.springframework.security.web.access.ExceptionTranslationFilter@38171f9, org.springframework.security.web.access.intercept.AuthorizationFilter@64ed6bc8]
2026-06-18T15:32:41.364+05:30  INFO 22895 --- [nexacart-backend] [           main] o.s.b.t.m.w.SpringBootMockServletContext : Initializing Spring TestDispatcherServlet ''
2026-06-18T15:32:41.364+05:30  INFO 22895 --- [nexacart-backend] [           main] o.s.t.web.servlet.TestDispatcherServlet  : Initializing Servlet ''
2026-06-18T15:32:41.365+05:30  INFO 22895 --- [nexacart-backend] [           main] o.s.t.web.servlet.TestDispatcherServlet  : Completed initialization in 1 ms
2026-06-18T15:32:41.376+05:30  INFO 22895 --- [nexacart-backend] [           main] c.n.b.m.o.c.OrderControllerTest          : Started OrderControllerTest in 3.086 seconds (process running for 3.644)
2026-06-18T15:32:41.422+05:30 DEBUG 22895 --- [nexacart-backend] [           main] org.hibernate.SQL                        : 
    select
        r1_0.id,
        r1_0.name 
    from
        roles r1_0 
    where
        r1_0.name=?
Hibernate: 
    select
        r1_0.id,
        r1_0.name 
    from
        roles r1_0 
    where
        r1_0.name=?
2026-06-18T15:32:41.441+05:30 DEBUG 22895 --- [nexacart-backend] [           main] org.hibernate.SQL                        : 
    insert 
    into
        roles
        (name, id) 
    values
        (?, default)
Hibernate: 
    insert 
    into
        roles
        (name, id) 
    values
        (?, default)
2026-06-18T15:32:41.448+05:30  INFO 22895 --- [nexacart-backend] [           main] c.n.b.global.config.DataInitializer      : Initialized role: ROLE_CUSTOMER
2026-06-18T15:32:41.448+05:30 DEBUG 22895 --- [nexacart-backend] [           main] org.hibernate.SQL                        : 
    select
        r1_0.id,
        r1_0.name 
    from
        roles r1_0 
    where
        r1_0.name=?
Hibernate: 
    select
        r1_0.id,
        r1_0.name 
    from
        roles r1_0 
    where
        r1_0.name=?
2026-06-18T15:32:41.449+05:30 DEBUG 22895 --- [nexacart-backend] [           main] org.hibernate.SQL                        : 
    insert 
    into
        roles
        (name, id) 
    values
        (?, default)
Hibernate: 
    insert 
    into
        roles
        (name, id) 
    values
        (?, default)
2026-06-18T15:32:41.449+05:30  INFO 22895 --- [nexacart-backend] [           main] c.n.b.global.config.DataInitializer      : Initialized role: ROLE_VENDOR
2026-06-18T15:32:41.450+05:30 DEBUG 22895 --- [nexacart-backend] [           main] org.hibernate.SQL                        : 
    select
        r1_0.id,
        r1_0.name 
    from
        roles r1_0 
    where
        r1_0.name=?
Hibernate: 
    select
        r1_0.id,
        r1_0.name 
    from
        roles r1_0 
    where
        r1_0.name=?
2026-06-18T15:32:41.450+05:30 DEBUG 22895 --- [nexacart-backend] [           main] org.hibernate.SQL                        : 
    insert 
    into
        roles
        (name, id) 
    values
        (?, default)
Hibernate: 
    insert 
    into
        roles
        (name, id) 
    values
        (?, default)
2026-06-18T15:32:41.450+05:30  INFO 22895 --- [nexacart-backend] [           main] c.n.b.global.config.DataInitializer      : Initialized role: ROLE_ADMIN
2026-06-18T15:32:41.700+05:30 DEBUG 22895 --- [nexacart-backend] [           main] org.hibernate.SQL                        : 
    select
        p1_0.id,
        p1_0.amount,
        p1_0.created_at,
        p1_0.order_id,
        p1_0.provider,
        p1_0.status,
        p1_0.transaction_id,
        p1_0.updated_at 
    from
        payments p1_0
Hibernate: 
    select
        p1_0.id,
        p1_0.amount,
        p1_0.created_at,
        p1_0.order_id,
        p1_0.provider,
        p1_0.status,
        p1_0.transaction_id,
        p1_0.updated_at 
    from
        payments p1_0
2026-06-18T15:32:41.701+05:30 DEBUG 22895 --- [nexacart-backend] [           main] org.hibernate.SQL                        : 
    select
        oi1_0.id,
        oi1_0.fulfillment_status,
        oi1_0.order_id,
        oi1_0.price,
        oi1_0.product_variant_id,
        oi1_0.quantity,
        oi1_0.store_id 
    from
        order_items oi1_0
Hibernate: 
    select
        oi1_0.id,
        oi1_0.fulfillment_status,
        oi1_0.order_id,
        oi1_0.price,
        oi1_0.product_variant_id,
        oi1_0.quantity,
        oi1_0.store_id 
    from
        order_items oi1_0
2026-06-18T15:32:41.702+05:30 DEBUG 22895 --- [nexacart-backend] [           main] org.hibernate.SQL                        : 
    select
        o1_0.id,
        o1_0.coupon_id,
        o1_0.created_at,
        o1_0.order_number,
        o1_0.platform_commission,
        o1_0.shipping_address_id,
        o1_0.status,
        o1_0.total_amount,
        o1_0.updated_at,
        o1_0.user_id 
    from
        orders o1_0
Hibernate: 
    select
        o1_0.id,
        o1_0.coupon_id,
        o1_0.created_at,
        o1_0.order_number,
        o1_0.platform_commission,
        o1_0.shipping_address_id,
        o1_0.status,
        o1_0.total_amount,
        o1_0.updated_at,
        o1_0.user_id 
    from
        orders o1_0
2026-06-18T15:32:41.703+05:30 DEBUG 22895 --- [nexacart-backend] [           main] org.hibernate.SQL                        : 
    select
        ci1_0.id,
        ci1_0.cart_id,
        ci1_0.product_variant_id,
        ci1_0.quantity 
    from
        cart_items ci1_0
Hibernate: 
    select
        ci1_0.id,
        ci1_0.cart_id,
        ci1_0.product_variant_id,
        ci1_0.quantity 
    from
        cart_items ci1_0
2026-06-18T15:32:41.704+05:30 DEBUG 22895 --- [nexacart-backend] [           main] org.hibernate.SQL                        : 
    select
        c1_0.id,
        c1_0.updated_at,
        c1_0.user_id 
    from
        carts c1_0
Hibernate: 
    select
        c1_0.id,
        c1_0.updated_at,
        c1_0.user_id 
    from
        carts c1_0
2026-06-18T15:32:41.704+05:30 DEBUG 22895 --- [nexacart-backend] [           main] org.hibernate.SQL                        : 
    select
        p1_0.id,
        p1_0.category_id,
        p1_0.created_at,
        p1_0.created_by,
        p1_0.description,
        p1_0.is_active,
        p1_0.is_approved,
        p1_0.name,
        p1_0.price,
        p1_0.slug,
        p1_0.store_id,
        p1_0.updated_at,
        p1_0.updated_by 
    from
        products p1_0
Hibernate: 
    select
        p1_0.id,
        p1_0.category_id,
        p1_0.created_at,
        p1_0.created_by,
        p1_0.description,
        p1_0.is_active,
        p1_0.is_approved,
        p1_0.name,
        p1_0.price,
        p1_0.slug,
        p1_0.store_id,
        p1_0.updated_at,
        p1_0.updated_by 
    from
        products p1_0
2026-06-18T15:32:41.705+05:30 DEBUG 22895 --- [nexacart-backend] [           main] org.hibernate.SQL                        : 
    select
        c1_0.id,
        c1_0.created_at,
        c1_0.created_by,
        c1_0.name,
        c1_0.parent_id,
        c1_0.slug,
        c1_0.updated_at,
        c1_0.updated_by 
    from
        categories c1_0
Hibernate: 
    select
        c1_0.id,
        c1_0.created_at,
        c1_0.created_by,
        c1_0.name,
        c1_0.parent_id,
        c1_0.slug,
        c1_0.updated_at,
        c1_0.updated_by 
    from
        categories c1_0
2026-06-18T15:32:41.705+05:30 DEBUG 22895 --- [nexacart-backend] [           main] org.hibernate.SQL                        : 
    select
        s1_0.id,
        s1_0.banner_url,
        s1_0.commission_rate,
        s1_0.created_at,
        s1_0.created_by,
        s1_0.description,
        s1_0.logo_url,
        s1_0.name,
        s1_0.updated_at,
        s1_0.updated_by,
        s1_0.vendor_id 
    from
        stores s1_0
Hibernate: 
    select
        s1_0.id,
        s1_0.banner_url,
        s1_0.commission_rate,
        s1_0.created_at,
        s1_0.created_by,
        s1_0.description,
        s1_0.logo_url,
        s1_0.name,
        s1_0.updated_at,
        s1_0.updated_by,
        s1_0.vendor_id 
    from
        stores s1_0
2026-06-18T15:32:41.706+05:30 DEBUG 22895 --- [nexacart-backend] [           main] org.hibernate.SQL                        : 
    select
        v1_0.id,
        v1_0.bank_details,
        v1_0.business_name,
        v1_0.created_at,
        v1_0.created_by,
        v1_0.tax_id,
        v1_0.updated_at,
        v1_0.updated_by,
        v1_0.user_id,
        v1_0.verification_status 
    from
        vendors v1_0
Hibernate: 
    select
        v1_0.id,
        v1_0.bank_details,
        v1_0.business_name,
        v1_0.created_at,
        v1_0.created_by,
        v1_0.tax_id,
        v1_0.updated_at,
        v1_0.updated_by,
        v1_0.user_id,
        v1_0.verification_status 
    from
        vendors v1_0
2026-06-18T15:32:41.707+05:30 DEBUG 22895 --- [nexacart-backend] [           main] org.hibernate.SQL                        : 
    select
        a1_0.id,
        a1_0.city,
        a1_0.country,
        a1_0.created_at,
        a1_0.created_by,
        a1_0.is_default,
        a1_0.state,
        a1_0.street,
        a1_0.updated_at,
        a1_0.updated_by,
        a1_0.user_id,
        a1_0.zip_code 
    from
        addresses a1_0
Hibernate: 
    select
        a1_0.id,
        a1_0.city,
        a1_0.country,
        a1_0.created_at,
        a1_0.created_by,
        a1_0.is_default,
        a1_0.state,
        a1_0.street,
        a1_0.updated_at,
        a1_0.updated_by,
        a1_0.user_id,
        a1_0.zip_code 
    from
        addresses a1_0
2026-06-18T15:32:41.707+05:30 DEBUG 22895 --- [nexacart-backend] [           main] org.hibernate.SQL                        : 
    select
        u1_0.id,
        u1_0.created_at,
        u1_0.created_by,
        u1_0.email,
        u1_0.first_name,
        u1_0.last_name,
        u1_0.password,
        u1_0.phone,
        u1_0.role_id,
        u1_0.status,
        u1_0.updated_at,
        u1_0.updated_by 
    from
        users u1_0
Hibernate: 
    select
        u1_0.id,
        u1_0.created_at,
        u1_0.created_by,
        u1_0.email,
        u1_0.first_name,
        u1_0.last_name,
        u1_0.password,
        u1_0.phone,
        u1_0.role_id,
        u1_0.status,
        u1_0.updated_at,
        u1_0.updated_by 
    from
        users u1_0
2026-06-18T15:32:41.708+05:30 DEBUG 22895 --- [nexacart-backend] [           main] org.hibernate.SQL                        : 
    select
        r1_0.id,
        r1_0.name 
    from
        roles r1_0 
    where
        r1_0.name=?
Hibernate: 
    select
        r1_0.id,
        r1_0.name 
    from
        roles r1_0 
    where
        r1_0.name=?
2026-06-18T15:32:41.710+05:30 DEBUG 22895 --- [nexacart-backend] [           main] org.hibernate.SQL                        : 
    select
        r1_0.id,
        r1_0.name 
    from
        roles r1_0 
    where
        r1_0.name=?
Hibernate: 
    select
        r1_0.id,
        r1_0.name 
    from
        roles r1_0 
    where
        r1_0.name=?
2026-06-18T15:32:41.718+05:30 DEBUG 22895 --- [nexacart-backend] [           main] org.hibernate.SQL                        : 
    insert 
    into
        users
        (created_at, created_by, email, first_name, last_name, password, phone, role_id, status, updated_at, updated_by, id) 
    values
        (?, ?, ?, ?, ?, ?, ?, ?, ?, ?, ?, default)
Hibernate: 
    insert 
    into
        users
        (created_at, created_by, email, first_name, last_name, password, phone, role_id, status, updated_at, updated_by, id) 
    values
        (?, ?, ?, ?, ?, ?, ?, ?, ?, ?, ?, default)
2026-06-18T15:32:41.721+05:30 DEBUG 22895 --- [nexacart-backend] [           main] org.hibernate.SQL                        : 
    insert 
    into
        addresses
        (city, country, created_at, created_by, is_default, state, street, updated_at, updated_by, user_id, zip_code, id) 
    values
        (?, ?, ?, ?, ?, ?, ?, ?, ?, ?, ?, default)
Hibernate: 
    insert 
    into
        addresses
        (city, country, created_at, created_by, is_default, state, street, updated_at, updated_by, user_id, zip_code, id) 
    values
        (?, ?, ?, ?, ?, ?, ?, ?, ?, ?, ?, default)
2026-06-18T15:32:41.722+05:30 DEBUG 22895 --- [nexacart-backend] [           main] org.hibernate.SQL                        : 
    insert 
    into
        users
        (created_at, created_by, email, first_name, last_name, password, phone, role_id, status, updated_at, updated_by, id) 
    values
        (?, ?, ?, ?, ?, ?, ?, ?, ?, ?, ?, default)
Hibernate: 
    insert 
    into
        users
        (created_at, created_by, email, first_name, last_name, password, phone, role_id, status, updated_at, updated_by, id) 
    values
        (?, ?, ?, ?, ?, ?, ?, ?, ?, ?, ?, default)
2026-06-18T15:32:41.724+05:30 DEBUG 22895 --- [nexacart-backend] [           main] org.hibernate.SQL                        : 
    insert 
    into
        vendors
        (bank_details, business_name, created_at, created_by, tax_id, updated_at, updated_by, user_id, verification_status, id) 
    values
        (?, ?, ?, ?, ?, ?, ?, ?, ?, default)
Hibernate: 
    insert 
    into
        vendors
        (bank_details, business_name, created_at, created_by, tax_id, updated_at, updated_by, user_id, verification_status, id) 
    values
        (?, ?, ?, ?, ?, ?, ?, ?, ?, default)
2026-06-18T15:32:41.726+05:30 DEBUG 22895 --- [nexacart-backend] [           main] org.hibernate.SQL                        : 
    insert 
    into
        stores
        (banner_url, commission_rate, created_at, created_by, description, logo_url, name, updated_at, updated_by, vendor_id, id) 
    values
        (?, ?, ?, ?, ?, ?, ?, ?, ?, ?, default)
Hibernate: 
    insert 
    into
        stores
        (banner_url, commission_rate, created_at, created_by, description, logo_url, name, updated_at, updated_by, vendor_id, id) 
    values
        (?, ?, ?, ?, ?, ?, ?, ?, ?, ?, default)
2026-06-18T15:32:41.730+05:30 DEBUG 22895 --- [nexacart-backend] [           main] org.hibernate.SQL                        : 
    insert 
    into
        categories
        (created_at, created_by, name, parent_id, slug, updated_at, updated_by, id) 
    values
        (?, ?, ?, ?, ?, ?, ?, default)
Hibernate: 
    insert 
    into
        categories
        (created_at, created_by, name, parent_id, slug, updated_at, updated_by, id) 
    values
        (?, ?, ?, ?, ?, ?, ?, default)
2026-06-18T15:32:41.733+05:30 DEBUG 22895 --- [nexacart-backend] [           main] org.hibernate.SQL                        : 
    insert 
    into
        products
        (category_id, created_at, created_by, description, is_active, is_approved, name, price, slug, store_id, updated_at, updated_by, id) 
    values
        (?, ?, ?, ?, ?, ?, ?, ?, ?, ?, ?, ?, default)
Hibernate: 
    insert 
    into
        products
        (category_id, created_at, created_by, description, is_active, is_approved, name, price, slug, store_id, updated_at, updated_by, id) 
    values
        (?, ?, ?, ?, ?, ?, ?, ?, ?, ?, ?, ?, default)
2026-06-18T15:32:41.734+05:30 DEBUG 22895 --- [nexacart-backend] [           main] org.hibernate.SQL                        : 
    insert 
    into
        product_variants
        (color, price_modifier, product_id, size, sku, id) 
    values
        (?, ?, ?, ?, ?, default)
Hibernate: 
    insert 
    into
        product_variants
        (color, price_modifier, product_id, size, sku, id) 
    values
        (?, ?, ?, ?, ?, default)
2026-06-18T15:32:41.736+05:30 DEBUG 22895 --- [nexacart-backend] [           main] org.hibernate.SQL                        : 
    insert 
    into
        inventory
        (low_stock_threshold, product_variant_id, stock_quantity, updated_at, id) 
    values
        (?, ?, ?, ?, default)
Hibernate: 
    insert 
    into
        inventory
        (low_stock_threshold, product_variant_id, stock_quantity, updated_at, id) 
    values
        (?, ?, ?, ?, default)
2026-06-18T15:32:41.739+05:30 DEBUG 22895 --- [nexacart-backend] [           main] org.hibernate.SQL                        : 
    insert 
    into
        carts
        (updated_at, user_id, id) 
    values
        (?, ?, default)
Hibernate: 
    insert 
    into
        carts
        (updated_at, user_id, id) 
    values
        (?, ?, default)
2026-06-18T15:32:41.739+05:30 DEBUG 22895 --- [nexacart-backend] [           main] org.hibernate.SQL                        : 
    insert 
    into
        cart_items
        (cart_id, product_variant_id, quantity, id) 
    values
        (?, ?, ?, default)
Hibernate: 
    insert 
    into
        cart_items
        (cart_id, product_variant_id, quantity, id) 
    values
        (?, ?, ?, default)
2026-06-18T15:32:41.741+05:30 DEBUG 22895 --- [nexacart-backend] [           main] org.hibernate.SQL                        : 
    insert 
    into
        orders
        (coupon_id, created_at, order_number, platform_commission, shipping_address_id, status, total_amount, updated_at, user_id, id) 
    values
        (?, ?, ?, ?, ?, ?, ?, ?, ?, default)
Hibernate: 
    insert 
    into
        orders
        (coupon_id, created_at, order_number, platform_commission, shipping_address_id, status, total_amount, updated_at, user_id, id) 
    values
        (?, ?, ?, ?, ?, ?, ?, ?, ?, default)
2026-06-18T15:32:41.741+05:30 DEBUG 22895 --- [nexacart-backend] [           main] org.hibernate.SQL                        : 
    insert 
    into
        order_items
        (fulfillment_status, order_id, price, product_variant_id, quantity, store_id, id) 
    values
        (?, ?, ?, ?, ?, ?, default)
Hibernate: 
    insert 
    into
        order_items
        (fulfillment_status, order_id, price, product_variant_id, quantity, store_id, id) 
    values
        (?, ?, ?, ?, ?, ?, default)
2026-06-18T15:32:41.768+05:30  INFO 22895 --- [nexacart-backend] [           main] c.n.b.m.order.service.OrderServiceImpl   : Order item fulfillment updated: ItemId=1, Status=SHIPPED
2026-06-18T15:32:41.815+05:30 DEBUG 22895 --- [nexacart-backend] [           main] org.hibernate.SQL                        : 
    update
        products 
    set
        category_id=?,
        description=?,
        is_active=?,
        is_approved=?,
        name=?,
        price=?,
        slug=?,
        store_id=?,
        updated_at=?,
        updated_by=? 
    where
        id=?
Hibernate: 
    update
        products 
    set
        category_id=?,
        description=?,
        is_active=?,
        is_approved=?,
        name=?,
        price=?,
        slug=?,
        store_id=?,
        updated_at=?,
        updated_by=? 
    where
        id=?
2026-06-18T15:32:41.817+05:30 DEBUG 22895 --- [nexacart-backend] [           main] org.hibernate.SQL                        : 
    update
        orders 
    set
        coupon_id=?,
        order_number=?,
        platform_commission=?,
        shipping_address_id=?,
        status=?,
        total_amount=?,
        updated_at=?,
        user_id=? 
    where
        id=?
Hibernate: 
    update
        orders 
    set
        coupon_id=?,
        order_number=?,
        platform_commission=?,
        shipping_address_id=?,
        status=?,
        total_amount=?,
        updated_at=?,
        user_id=? 
    where
        id=?
2026-06-18T15:32:41.818+05:30 DEBUG 22895 --- [nexacart-backend] [           main] org.hibernate.SQL                        : 
    update
        order_items 
    set
        fulfillment_status=?,
        order_id=?,
        price=?,
        product_variant_id=?,
        quantity=?,
        store_id=? 
    where
        id=?
Hibernate: 
    update
        order_items 
    set
        fulfillment_status=?,
        order_id=?,
        price=?,
        product_variant_id=?,
        quantity=?,
        store_id=? 
    where
        id=?
2026-06-18T15:32:41.819+05:30 DEBUG 22895 --- [nexacart-backend] [           main] org.hibernate.SQL                        : 
    select
        o1_0.id,
        o1_0.coupon_id,
        o1_0.created_at,
        o1_0.order_number,
        o1_0.platform_commission,
        o1_0.shipping_address_id,
        o1_0.status,
        o1_0.total_amount,
        o1_0.updated_at,
        o1_0.user_id 
    from
        orders o1_0 
    where
        o1_0.order_number=?
Hibernate: 
    select
        o1_0.id,
        o1_0.coupon_id,
        o1_0.created_at,
        o1_0.order_number,
        o1_0.platform_commission,
        o1_0.shipping_address_id,
        o1_0.status,
        o1_0.total_amount,
        o1_0.updated_at,
        o1_0.user_id 
    from
        orders o1_0 
    where
        o1_0.order_number=?
]]></system-out>
    <system-err><![CDATA[WARNING: A Java agent has been loaded dynamically (/Users/haripadpatar/.m2/repository/net/bytebuddy/byte-buddy-agent/1.14.16/byte-buddy-agent-1.14.16.jar)
WARNING: If a serviceability tool is in use, please run with -XX:+EnableDynamicAgentLoading to hide this warning
WARNING: If a serviceability tool is not in use, please run with -Djdk.instrument.traceUsage for more information
WARNING: Dynamic loading of agents will be disallowed by default in a future release
]]></system-err>
  </testcase>
  <testcase name="testCheckoutAndPaymentLifecycle" classname="com.nexacart.backend.modules.order.controller.OrderControllerTest" time="0.08">
    <system-out><![CDATA[2026-06-18T15:32:41.830+05:30 DEBUG 22895 --- [nexacart-backend] [           main] org.hibernate.SQL                        : 
    select
        p1_0.id,
        p1_0.amount,
        p1_0.created_at,
        p1_0.order_id,
        p1_0.provider,
        p1_0.status,
        p1_0.transaction_id,
        p1_0.updated_at 
    from
        payments p1_0
Hibernate: 
    select
        p1_0.id,
        p1_0.amount,
        p1_0.created_at,
        p1_0.order_id,
        p1_0.provider,
        p1_0.status,
        p1_0.transaction_id,
        p1_0.updated_at 
    from
        payments p1_0
2026-06-18T15:32:41.830+05:30 DEBUG 22895 --- [nexacart-backend] [           main] org.hibernate.SQL                        : 
    select
        oi1_0.id,
        oi1_0.fulfillment_status,
        oi1_0.order_id,
        oi1_0.price,
        oi1_0.product_variant_id,
        oi1_0.quantity,
        oi1_0.store_id 
    from
        order_items oi1_0
Hibernate: 
    select
        oi1_0.id,
        oi1_0.fulfillment_status,
        oi1_0.order_id,
        oi1_0.price,
        oi1_0.product_variant_id,
        oi1_0.quantity,
        oi1_0.store_id 
    from
        order_items oi1_0
2026-06-18T15:32:41.831+05:30 DEBUG 22895 --- [nexacart-backend] [           main] org.hibernate.SQL                        : 
    select
        o1_0.id,
        o1_0.coupon_id,
        o1_0.created_at,
        o1_0.order_number,
        o1_0.platform_commission,
        o1_0.shipping_address_id,
        o1_0.status,
        o1_0.total_amount,
        o1_0.updated_at,
        o1_0.user_id 
    from
        orders o1_0
Hibernate: 
    select
        o1_0.id,
        o1_0.coupon_id,
        o1_0.created_at,
        o1_0.order_number,
        o1_0.platform_commission,
        o1_0.shipping_address_id,
        o1_0.status,
        o1_0.total_amount,
        o1_0.updated_at,
        o1_0.user_id 
    from
        orders o1_0
2026-06-18T15:32:41.831+05:30 DEBUG 22895 --- [nexacart-backend] [           main] org.hibernate.SQL                        : 
    select
        ci1_0.id,
        ci1_0.cart_id,
        ci1_0.product_variant_id,
        ci1_0.quantity 
    from
        cart_items ci1_0
Hibernate: 
    select
        ci1_0.id,
        ci1_0.cart_id,
        ci1_0.product_variant_id,
        ci1_0.quantity 
    from
        cart_items ci1_0
2026-06-18T15:32:41.832+05:30 DEBUG 22895 --- [nexacart-backend] [           main] org.hibernate.SQL                        : 
    select
        c1_0.id,
        c1_0.updated_at,
        c1_0.user_id 
    from
        carts c1_0
Hibernate: 
    select
        c1_0.id,
        c1_0.updated_at,
        c1_0.user_id 
    from
        carts c1_0
2026-06-18T15:32:41.833+05:30 DEBUG 22895 --- [nexacart-backend] [           main] org.hibernate.SQL                        : 
    select
        p1_0.id,
        p1_0.category_id,
        p1_0.created_at,
        p1_0.created_by,
        p1_0.description,
        p1_0.is_active,
        p1_0.is_approved,
        p1_0.name,
        p1_0.price,
        p1_0.slug,
        p1_0.store_id,
        p1_0.updated_at,
        p1_0.updated_by 
    from
        products p1_0
Hibernate: 
    select
        p1_0.id,
        p1_0.category_id,
        p1_0.created_at,
        p1_0.created_by,
        p1_0.description,
        p1_0.is_active,
        p1_0.is_approved,
        p1_0.name,
        p1_0.price,
        p1_0.slug,
        p1_0.store_id,
        p1_0.updated_at,
        p1_0.updated_by 
    from
        products p1_0
2026-06-18T15:32:41.833+05:30 DEBUG 22895 --- [nexacart-backend] [           main] org.hibernate.SQL                        : 
    select
        c1_0.id,
        c1_0.created_at,
        c1_0.created_by,
        c1_0.name,
        c1_0.parent_id,
        c1_0.slug,
        c1_0.updated_at,
        c1_0.updated_by 
    from
        categories c1_0
Hibernate: 
    select
        c1_0.id,
        c1_0.created_at,
        c1_0.created_by,
        c1_0.name,
        c1_0.parent_id,
        c1_0.slug,
        c1_0.updated_at,
        c1_0.updated_by 
    from
        categories c1_0
2026-06-18T15:32:41.834+05:30 DEBUG 22895 --- [nexacart-backend] [           main] org.hibernate.SQL                        : 
    select
        s1_0.id,
        s1_0.banner_url,
        s1_0.commission_rate,
        s1_0.created_at,
        s1_0.created_by,
        s1_0.description,
        s1_0.logo_url,
        s1_0.name,
        s1_0.updated_at,
        s1_0.updated_by,
        s1_0.vendor_id 
    from
        stores s1_0
Hibernate: 
    select
        s1_0.id,
        s1_0.banner_url,
        s1_0.commission_rate,
        s1_0.created_at,
        s1_0.created_by,
        s1_0.description,
        s1_0.logo_url,
        s1_0.name,
        s1_0.updated_at,
        s1_0.updated_by,
        s1_0.vendor_id 
    from
        stores s1_0
2026-06-18T15:32:41.834+05:30 DEBUG 22895 --- [nexacart-backend] [           main] org.hibernate.SQL                        : 
    select
        v1_0.id,
        v1_0.bank_details,
        v1_0.business_name,
        v1_0.created_at,
        v1_0.created_by,
        v1_0.tax_id,
        v1_0.updated_at,
        v1_0.updated_by,
        v1_0.user_id,
        v1_0.verification_status 
    from
        vendors v1_0
Hibernate: 
    select
        v1_0.id,
        v1_0.bank_details,
        v1_0.business_name,
        v1_0.created_at,
        v1_0.created_by,
        v1_0.tax_id,
        v1_0.updated_at,
        v1_0.updated_by,
        v1_0.user_id,
        v1_0.verification_status 
    from
        vendors v1_0
2026-06-18T15:32:41.835+05:30 DEBUG 22895 --- [nexacart-backend] [           main] org.hibernate.SQL                        : 
    select
        a1_0.id,
        a1_0.city,
        a1_0.country,
        a1_0.created_at,
        a1_0.created_by,
        a1_0.is_default,
        a1_0.state,
        a1_0.street,
        a1_0.updated_at,
        a1_0.updated_by,
        a1_0.user_id,
        a1_0.zip_code 
    from
        addresses a1_0
Hibernate: 
    select
        a1_0.id,
        a1_0.city,
        a1_0.country,
        a1_0.created_at,
        a1_0.created_by,
        a1_0.is_default,
        a1_0.state,
        a1_0.street,
        a1_0.updated_at,
        a1_0.updated_by,
        a1_0.user_id,
        a1_0.zip_code 
    from
        addresses a1_0
2026-06-18T15:32:41.835+05:30 DEBUG 22895 --- [nexacart-backend] [           main] org.hibernate.SQL                        : 
    select
        u1_0.id,
        u1_0.created_at,
        u1_0.created_by,
        u1_0.email,
        u1_0.first_name,
        u1_0.last_name,
        u1_0.password,
        u1_0.phone,
        u1_0.role_id,
        u1_0.status,
        u1_0.updated_at,
        u1_0.updated_by 
    from
        users u1_0
Hibernate: 
    select
        u1_0.id,
        u1_0.created_at,
        u1_0.created_by,
        u1_0.email,
        u1_0.first_name,
        u1_0.last_name,
        u1_0.password,
        u1_0.phone,
        u1_0.role_id,
        u1_0.status,
        u1_0.updated_at,
        u1_0.updated_by 
    from
        users u1_0
2026-06-18T15:32:41.835+05:30 DEBUG 22895 --- [nexacart-backend] [           main] org.hibernate.SQL                        : 
    select
        r1_0.id,
        r1_0.name 
    from
        roles r1_0 
    where
        r1_0.name=?
Hibernate: 
    select
        r1_0.id,
        r1_0.name 
    from
        roles r1_0 
    where
        r1_0.name=?
2026-06-18T15:32:41.836+05:30 DEBUG 22895 --- [nexacart-backend] [           main] org.hibernate.SQL                        : 
    select
        r1_0.id,
        r1_0.name 
    from
        roles r1_0 
    where
        r1_0.name=?
Hibernate: 
    select
        r1_0.id,
        r1_0.name 
    from
        roles r1_0 
    where
        r1_0.name=?
2026-06-18T15:32:41.837+05:30 DEBUG 22895 --- [nexacart-backend] [           main] org.hibernate.SQL                        : 
    insert 
    into
        users
        (created_at, created_by, email, first_name, last_name, password, phone, role_id, status, updated_at, updated_by, id) 
    values
        (?, ?, ?, ?, ?, ?, ?, ?, ?, ?, ?, default)
Hibernate: 
    insert 
    into
        users
        (created_at, created_by, email, first_name, last_name, password, phone, role_id, status, updated_at, updated_by, id) 
    values
        (?, ?, ?, ?, ?, ?, ?, ?, ?, ?, ?, default)
2026-06-18T15:32:41.837+05:30 DEBUG 22895 --- [nexacart-backend] [           main] org.hibernate.SQL                        : 
    insert 
    into
        addresses
        (city, country, created_at, created_by, is_default, state, street, updated_at, updated_by, user_id, zip_code, id) 
    values
        (?, ?, ?, ?, ?, ?, ?, ?, ?, ?, ?, default)
Hibernate: 
    insert 
    into
        addresses
        (city, country, created_at, created_by, is_default, state, street, updated_at, updated_by, user_id, zip_code, id) 
    values
        (?, ?, ?, ?, ?, ?, ?, ?, ?, ?, ?, default)
2026-06-18T15:32:41.838+05:30 DEBUG 22895 --- [nexacart-backend] [           main] org.hibernate.SQL                        : 
    insert 
    into
        users
        (created_at, created_by, email, first_name, last_name, password, phone, role_id, status, updated_at, updated_by, id) 
    values
        (?, ?, ?, ?, ?, ?, ?, ?, ?, ?, ?, default)
Hibernate: 
    insert 
    into
        users
        (created_at, created_by, email, first_name, last_name, password, phone, role_id, status, updated_at, updated_by, id) 
    values
        (?, ?, ?, ?, ?, ?, ?, ?, ?, ?, ?, default)
2026-06-18T15:32:41.838+05:30 DEBUG 22895 --- [nexacart-backend] [           main] org.hibernate.SQL                        : 
    insert 
    into
        vendors
        (bank_details, business_name, created_at, created_by, tax_id, updated_at, updated_by, user_id, verification_status, id) 
    values
        (?, ?, ?, ?, ?, ?, ?, ?, ?, default)
Hibernate: 
    insert 
    into
        vendors
        (bank_details, business_name, created_at, created_by, tax_id, updated_at, updated_by, user_id, verification_status, id) 
    values
        (?, ?, ?, ?, ?, ?, ?, ?, ?, default)
2026-06-18T15:32:41.839+05:30 DEBUG 22895 --- [nexacart-backend] [           main] org.hibernate.SQL                        : 
    insert 
    into
        stores
        (banner_url, commission_rate, created_at, created_by, description, logo_url, name, updated_at, updated_by, vendor_id, id) 
    values
        (?, ?, ?, ?, ?, ?, ?, ?, ?, ?, default)
Hibernate: 
    insert 
    into
        stores
        (banner_url, commission_rate, created_at, created_by, description, logo_url, name, updated_at, updated_by, vendor_id, id) 
    values
        (?, ?, ?, ?, ?, ?, ?, ?, ?, ?, default)
2026-06-18T15:32:41.839+05:30 DEBUG 22895 --- [nexacart-backend] [           main] org.hibernate.SQL                        : 
    insert 
    into
        categories
        (created_at, created_by, name, parent_id, slug, updated_at, updated_by, id) 
    values
        (?, ?, ?, ?, ?, ?, ?, default)
Hibernate: 
    insert 
    into
        categories
        (created_at, created_by, name, parent_id, slug, updated_at, updated_by, id) 
    values
        (?, ?, ?, ?, ?, ?, ?, default)
2026-06-18T15:32:41.840+05:30 DEBUG 22895 --- [nexacart-backend] [           main] org.hibernate.SQL                        : 
    insert 
    into
        products
        (category_id, created_at, created_by, description, is_active, is_approved, name, price, slug, store_id, updated_at, updated_by, id) 
    values
        (?, ?, ?, ?, ?, ?, ?, ?, ?, ?, ?, ?, default)
Hibernate: 
    insert 
    into
        products
        (category_id, created_at, created_by, description, is_active, is_approved, name, price, slug, store_id, updated_at, updated_by, id) 
    values
        (?, ?, ?, ?, ?, ?, ?, ?, ?, ?, ?, ?, default)
2026-06-18T15:32:41.840+05:30 DEBUG 22895 --- [nexacart-backend] [           main] org.hibernate.SQL                        : 
    insert 
    into
        product_variants
        (color, price_modifier, product_id, size, sku, id) 
    values
        (?, ?, ?, ?, ?, default)
Hibernate: 
    insert 
    into
        product_variants
        (color, price_modifier, product_id, size, sku, id) 
    values
        (?, ?, ?, ?, ?, default)
2026-06-18T15:32:41.841+05:30 DEBUG 22895 --- [nexacart-backend] [           main] org.hibernate.SQL                        : 
    insert 
    into
        inventory
        (low_stock_threshold, product_variant_id, stock_quantity, updated_at, id) 
    values
        (?, ?, ?, ?, default)
Hibernate: 
    insert 
    into
        inventory
        (low_stock_threshold, product_variant_id, stock_quantity, updated_at, id) 
    values
        (?, ?, ?, ?, default)
2026-06-18T15:32:41.841+05:30 DEBUG 22895 --- [nexacart-backend] [           main] org.hibernate.SQL                        : 
    insert 
    into
        carts
        (updated_at, user_id, id) 
    values
        (?, ?, default)
Hibernate: 
    insert 
    into
        carts
        (updated_at, user_id, id) 
    values
        (?, ?, default)
2026-06-18T15:32:41.841+05:30 DEBUG 22895 --- [nexacart-backend] [           main] org.hibernate.SQL                        : 
    insert 
    into
        cart_items
        (cart_id, product_variant_id, quantity, id) 
    values
        (?, ?, ?, default)
Hibernate: 
    insert 
    into
        cart_items
        (cart_id, product_variant_id, quantity, id) 
    values
        (?, ?, ?, default)
2026-06-18T15:32:41.861+05:30 DEBUG 22895 --- [nexacart-backend] [           main] org.hibernate.SQL                        : 
    select
        u1_0.id,
        u1_0.created_at,
        u1_0.created_by,
        u1_0.email,
        u1_0.first_name,
        u1_0.last_name,
        u1_0.password,
        u1_0.phone,
        u1_0.role_id,
        u1_0.status,
        u1_0.updated_at,
        u1_0.updated_by 
    from
        users u1_0 
    where
        u1_0.email=?
Hibernate: 
    select
        u1_0.id,
        u1_0.created_at,
        u1_0.created_by,
        u1_0.email,
        u1_0.first_name,
        u1_0.last_name,
        u1_0.password,
        u1_0.phone,
        u1_0.role_id,
        u1_0.status,
        u1_0.updated_at,
        u1_0.updated_by 
    from
        users u1_0 
    where
        u1_0.email=?
2026-06-18T15:32:41.862+05:30 DEBUG 22895 --- [nexacart-backend] [           main] org.hibernate.SQL                        : 
    select
        c1_0.id,
        c1_0.updated_at,
        c1_0.user_id 
    from
        carts c1_0 
    left join
        users u1_0 
            on u1_0.id=c1_0.user_id 
    where
        u1_0.email=?
Hibernate: 
    select
        c1_0.id,
        c1_0.updated_at,
        c1_0.user_id 
    from
        carts c1_0 
    left join
        users u1_0 
            on u1_0.id=c1_0.user_id 
    where
        u1_0.email=?
2026-06-18T15:32:41.864+05:30 DEBUG 22895 --- [nexacart-backend] [           main] org.hibernate.SQL                        : 
    insert 
    into
        orders
        (coupon_id, created_at, order_number, platform_commission, shipping_address_id, status, total_amount, updated_at, user_id, id) 
    values
        (?, ?, ?, ?, ?, ?, ?, ?, ?, default)
Hibernate: 
    insert 
    into
        orders
        (coupon_id, created_at, order_number, platform_commission, shipping_address_id, status, total_amount, updated_at, user_id, id) 
    values
        (?, ?, ?, ?, ?, ?, ?, ?, ?, default)
2026-06-18T15:32:41.864+05:30 DEBUG 22895 --- [nexacart-backend] [           main] org.hibernate.SQL                        : 
    insert 
    into
        order_items
        (fulfillment_status, order_id, price, product_variant_id, quantity, store_id, id) 
    values
        (?, ?, ?, ?, ?, ?, default)
Hibernate: 
    insert 
    into
        order_items
        (fulfillment_status, order_id, price, product_variant_id, quantity, store_id, id) 
    values
        (?, ?, ?, ?, ?, ?, default)
2026-06-18T15:32:41.865+05:30 DEBUG 22895 --- [nexacart-backend] [           main] org.hibernate.SQL                        : 
    insert 
    into
        payments
        (amount, created_at, order_id, provider, status, transaction_id, updated_at, id) 
    values
        (?, ?, ?, ?, ?, ?, ?, default)
Hibernate: 
    insert 
    into
        payments
        (amount, created_at, order_id, provider, status, transaction_id, updated_at, id) 
    values
        (?, ?, ?, ?, ?, ?, ?, default)
2026-06-18T15:32:41.865+05:30  INFO 22895 --- [nexacart-backend] [           main] c.n.b.m.order.service.OrderServiceImpl   : Order created: NC-1781776961863 with total: 300.00
2026-06-18T15:32:41.877+05:30 DEBUG 22895 --- [nexacart-backend] [           main] org.hibernate.SQL                        : 
    select
        c1_0.id,
        c1_0.updated_at,
        c1_0.user_id 
    from
        carts c1_0 
    left join
        users u1_0 
            on u1_0.id=c1_0.user_id 
    where
        u1_0.email=?
Hibernate: 
    select
        c1_0.id,
        c1_0.updated_at,
        c1_0.user_id 
    from
        carts c1_0 
    left join
        users u1_0 
            on u1_0.id=c1_0.user_id 
    where
        u1_0.email=?
2026-06-18T15:32:41.891+05:30 DEBUG 22895 --- [nexacart-backend] [           main] org.hibernate.SQL                        : 
    select
        o1_0.id,
        o1_0.coupon_id,
        o1_0.created_at,
        o1_0.order_number,
        o1_0.platform_commission,
        o1_0.shipping_address_id,
        o1_0.status,
        o1_0.total_amount,
        o1_0.updated_at,
        o1_0.user_id 
    from
        orders o1_0 
    where
        o1_0.order_number=?
Hibernate: 
    select
        o1_0.id,
        o1_0.coupon_id,
        o1_0.created_at,
        o1_0.order_number,
        o1_0.platform_commission,
        o1_0.shipping_address_id,
        o1_0.status,
        o1_0.total_amount,
        o1_0.updated_at,
        o1_0.user_id 
    from
        orders o1_0 
    where
        o1_0.order_number=?
2026-06-18T15:32:41.893+05:30 DEBUG 22895 --- [nexacart-backend] [           main] org.hibernate.SQL                        : 
    select
        p1_0.id,
        p1_0.amount,
        p1_0.created_at,
        p1_0.order_id,
        p1_0.provider,
        p1_0.status,
        p1_0.transaction_id,
        p1_0.updated_at 
    from
        payments p1_0 
    where
        p1_0.order_id=?
Hibernate: 
    select
        p1_0.id,
        p1_0.amount,
        p1_0.created_at,
        p1_0.order_id,
        p1_0.provider,
        p1_0.status,
        p1_0.transaction_id,
        p1_0.updated_at 
    from
        payments p1_0 
    where
        p1_0.order_id=?
2026-06-18T15:32:41.893+05:30  INFO 22895 --- [nexacart-backend] [           main] c.n.b.m.p.service.PaymentServiceImpl     : Payment verified successfully for Order: NC-1781776961863, PaymentId: pay_RZP99881122
2026-06-18T15:32:41.895+05:30 DEBUG 22895 --- [nexacart-backend] [           main] org.hibernate.SQL                        : 
    update
        products 
    set
        category_id=?,
        description=?,
        is_active=?,
        is_approved=?,
        name=?,
        price=?,
        slug=?,
        store_id=?,
        updated_at=?,
        updated_by=? 
    where
        id=?
Hibernate: 
    update
        products 
    set
        category_id=?,
        description=?,
        is_active=?,
        is_approved=?,
        name=?,
        price=?,
        slug=?,
        store_id=?,
        updated_at=?,
        updated_by=? 
    where
        id=?
2026-06-18T15:32:41.896+05:30 DEBUG 22895 --- [nexacart-backend] [           main] org.hibernate.SQL                        : 
    update
        inventory 
    set
        low_stock_threshold=?,
        product_variant_id=?,
        stock_quantity=?,
        updated_at=? 
    where
        id=?
Hibernate: 
    update
        inventory 
    set
        low_stock_threshold=?,
        product_variant_id=?,
        stock_quantity=?,
        updated_at=? 
    where
        id=?
2026-06-18T15:32:41.896+05:30 DEBUG 22895 --- [nexacart-backend] [           main] org.hibernate.SQL                        : 
    update
        orders 
    set
        coupon_id=?,
        order_number=?,
        platform_commission=?,
        shipping_address_id=?,
        status=?,
        total_amount=?,
        updated_at=?,
        user_id=? 
    where
        id=?
Hibernate: 
    update
        orders 
    set
        coupon_id=?,
        order_number=?,
        platform_commission=?,
        shipping_address_id=?,
        status=?,
        total_amount=?,
        updated_at=?,
        user_id=? 
    where
        id=?
2026-06-18T15:32:41.896+05:30 DEBUG 22895 --- [nexacart-backend] [           main] org.hibernate.SQL                        : 
    update
        payments 
    set
        amount=?,
        order_id=?,
        provider=?,
        status=?,
        transaction_id=?,
        updated_at=? 
    where
        id=?
Hibernate: 
    update
        payments 
    set
        amount=?,
        order_id=?,
        provider=?,
        status=?,
        transaction_id=?,
        updated_at=? 
    where
        id=?
2026-06-18T15:32:41.897+05:30 DEBUG 22895 --- [nexacart-backend] [           main] org.hibernate.SQL                        : 
    select
        o1_0.id,
        o1_0.coupon_id,
        o1_0.created_at,
        o1_0.order_number,
        o1_0.platform_commission,
        o1_0.shipping_address_id,
        o1_0.status,
        o1_0.total_amount,
        o1_0.updated_at,
        o1_0.user_id 
    from
        orders o1_0 
    where
        o1_0.order_number=?
Hibernate: 
    select
        o1_0.id,
        o1_0.coupon_id,
        o1_0.created_at,
        o1_0.order_number,
        o1_0.platform_commission,
        o1_0.shipping_address_id,
        o1_0.status,
        o1_0.total_amount,
        o1_0.updated_at,
        o1_0.user_id 
    from
        orders o1_0 
    where
        o1_0.order_number=?
2026-06-18T15:32:41.899+05:30 ERROR 22895 --- [nexacart-backend] [           main] c.n.b.g.e.GlobalExceptionHandler         : Access Denied Exception: Access Denied
2026-06-18T15:32:41.902+05:30 DEBUG 22895 --- [nexacart-backend] [           main] org.hibernate.SQL                        : 
    select
        o1_0.id,
        o1_0.coupon_id,
        o1_0.created_at,
        o1_0.order_number,
        o1_0.platform_commission,
        o1_0.shipping_address_id,
        o1_0.status,
        o1_0.total_amount,
        o1_0.updated_at,
        o1_0.user_id 
    from
        orders o1_0 
    where
        o1_0.order_number=?
Hibernate: 
    select
        o1_0.id,
        o1_0.coupon_id,
        o1_0.created_at,
        o1_0.order_number,
        o1_0.platform_commission,
        o1_0.shipping_address_id,
        o1_0.status,
        o1_0.total_amount,
        o1_0.updated_at,
        o1_0.user_id 
    from
        orders o1_0 
    where
        o1_0.order_number=?
2026-06-18T15:32:41.903+05:30 DEBUG 22895 --- [nexacart-backend] [           main] org.hibernate.SQL                        : 
    select
        p1_0.id,
        p1_0.amount,
        p1_0.created_at,
        p1_0.order_id,
        p1_0.provider,
        p1_0.status,
        p1_0.transaction_id,
        p1_0.updated_at 
    from
        payments p1_0 
    where
        p1_0.order_id=?
Hibernate: 
    select
        p1_0.id,
        p1_0.amount,
        p1_0.created_at,
        p1_0.order_id,
        p1_0.provider,
        p1_0.status,
        p1_0.transaction_id,
        p1_0.updated_at 
    from
        payments p1_0 
    where
        p1_0.order_id=?
2026-06-18T15:32:41.904+05:30  INFO 22895 --- [nexacart-backend] [           main] c.n.b.m.order.service.OrderServiceImpl   : Order cancelled successfully: NC-1781776961863
2026-06-18T15:32:41.905+05:30 DEBUG 22895 --- [nexacart-backend] [           main] org.hibernate.SQL                        : 
    update
        inventory 
    set
        low_stock_threshold=?,
        product_variant_id=?,
        stock_quantity=?,
        updated_at=? 
    where
        id=?
Hibernate: 
    update
        inventory 
    set
        low_stock_threshold=?,
        product_variant_id=?,
        stock_quantity=?,
        updated_at=? 
    where
        id=?
2026-06-18T15:32:41.905+05:30 DEBUG 22895 --- [nexacart-backend] [           main] org.hibernate.SQL                        : 
    update
        orders 
    set
        coupon_id=?,
        order_number=?,
        platform_commission=?,
        shipping_address_id=?,
        status=?,
        total_amount=?,
        updated_at=?,
        user_id=? 
    where
        id=?
Hibernate: 
    update
        orders 
    set
        coupon_id=?,
        order_number=?,
        platform_commission=?,
        shipping_address_id=?,
        status=?,
        total_amount=?,
        updated_at=?,
        user_id=? 
    where
        id=?
2026-06-18T15:32:41.906+05:30 DEBUG 22895 --- [nexacart-backend] [           main] org.hibernate.SQL                        : 
    update
        payments 
    set
        amount=?,
        order_id=?,
        provider=?,
        status=?,
        transaction_id=?,
        updated_at=? 
    where
        id=?
Hibernate: 
    update
        payments 
    set
        amount=?,
        order_id=?,
        provider=?,
        status=?,
        transaction_id=?,
        updated_at=? 
    where
        id=?
2026-06-18T15:32:41.906+05:30 DEBUG 22895 --- [nexacart-backend] [           main] org.hibernate.SQL                        : 
    select
        o1_0.id,
        o1_0.coupon_id,
        o1_0.created_at,
        o1_0.order_number,
        o1_0.platform_commission,
        o1_0.shipping_address_id,
        o1_0.status,
        o1_0.total_amount,
        o1_0.updated_at,
        o1_0.user_id 
    from
        orders o1_0 
    where
        o1_0.order_number=?
Hibernate: 
    select
        o1_0.id,
        o1_0.coupon_id,
        o1_0.created_at,
        o1_0.order_number,
        o1_0.platform_commission,
        o1_0.shipping_address_id,
        o1_0.status,
        o1_0.total_amount,
        o1_0.updated_at,
        o1_0.user_id 
    from
        orders o1_0 
    where
        o1_0.order_number=?
]]></system-out>
  </testcase>
</testsuite>