<?xml version="1.0" encoding="UTF-8"?>
<testsuite xmlns:xsi="http://www.w3.org/2001/XMLSchema-instance" xsi:noNamespaceSchemaLocation="https://maven.apache.org/surefire/maven-surefire-plugin/xsd/surefire-test-report-3.0.xsd" version="3.0" name="com.nexacart.backend.modules.analytics.controller.AnalyticsControllerTest" time="0.061" tests="2" errors="0" skipped="0" failures="0">
  <properties>
[...]
</properties>
  <testcase name="testAdminAnalyticsFlowAndCaching" classname="com.nexacart.backend.modules.analytics.controller.AnalyticsControllerTest" time="0.028">
    <system-out><![CDATA[2026-06-18T15:32:42.549+05:30  INFO 22895 --- [nexacart-backend] [           main] t.c.s.AnnotationConfigContextLoaderUtils : Could not detect default configuration classes for test class [com.nexacart.backend.modules.analytics.controller.AnalyticsControllerTest]: AnalyticsControllerTest does not declare any static, non-private, non-final, nested classes annotated with @Configuration.
2026-06-18T15:32:42.558+05:30  INFO 22895 --- [nexacart-backend] [           main] .b.t.c.SpringBootTestContextBootstrapper : Found @SpringBootConfiguration com.nexacart.backend.NexaCartApplication for test class com.nexacart.backend.modules.analytics.controller.AnalyticsControllerTest
2026-06-18T15:32:42.562+05:30 DEBUG 22895 --- [nexacart-backend] [           main] org.hibernate.SQL                        : 
    select
        r1_0.id,
        r1_0.name 
    from
        roles r1_0 
    where
        r1_0.name=?
Hibernate: 
    select
        r1_0.id,
        r1_0.name 
    from
        roles r1_0 
    where
        r1_0.name=?
2026-06-18T15:32:42.563+05:30 DEBUG 22895 --- [nexacart-backend] [           main] org.hibernate.SQL                        : 
    select
        r1_0.id,
        r1_0.name 
    from
        roles r1_0 
    where
        r1_0.name=?
Hibernate: 
    select
        r1_0.id,
        r1_0.name 
    from
        roles r1_0 
    where
        r1_0.name=?
2026-06-18T15:32:42.564+05:30 DEBUG 22895 --- [nexacart-backend] [           main] org.hibernate.SQL                        : 
    select
        r1_0.id,
        r1_0.name 
    from
        roles r1_0 
    where
        r1_0.name=?
Hibernate: 
    select
        r1_0.id,
        r1_0.name 
    from
        roles r1_0 
    where
        r1_0.name=?
2026-06-18T15:32:42.564+05:30 DEBUG 22895 --- [nexacart-backend] [           main] org.hibernate.SQL                        : 
    insert 
    into
        users
        (created_at, created_by, email, first_name, last_name, password, phone, role_id, status, updated_at, updated_by, id) 
    values
        (?, ?, ?, ?, ?, ?, ?, ?, ?, ?, ?, default)
Hibernate: 
    insert 
    into
        users
        (created_at, created_by, email, first_name, last_name, password, phone, role_id, status, updated_at, updated_by, id) 
    values
        (?, ?, ?, ?, ?, ?, ?, ?, ?, ?, ?, default)
2026-06-18T15:32:42.565+05:30 DEBUG 22895 --- [nexacart-backend] [           main] org.hibernate.SQL                        : 
    insert 
    into
        addresses
        (city, country, created_at, created_by, is_default, state, street, updated_at, updated_by, user_id, zip_code, id) 
    values
        (?, ?, ?, ?, ?, ?, ?, ?, ?, ?, ?, default)
Hibernate: 
    insert 
    into
        addresses
        (city, country, created_at, created_by, is_default, state, street, updated_at, updated_by, user_id, zip_code, id) 
    values
        (?, ?, ?, ?, ?, ?, ?, ?, ?, ?, ?, default)
2026-06-18T15:32:42.565+05:30 DEBUG 22895 --- [nexacart-backend] [           main] org.hibernate.SQL                        : 
    insert 
    into
        users
        (created_at, created_by, email, first_name, last_name, password, phone, role_id, status, updated_at, updated_by, id) 
    values
        (?, ?, ?, ?, ?, ?, ?, ?, ?, ?, ?, default)
Hibernate: 
    insert 
    into
        users
        (created_at, created_by, email, first_name, last_name, password, phone, role_id, status, updated_at, updated_by, id) 
    values
        (?, ?, ?, ?, ?, ?, ?, ?, ?, ?, ?, default)
2026-06-18T15:32:42.565+05:30 DEBUG 22895 --- [nexacart-backend] [           main] org.hibernate.SQL                        : 
    insert 
    into
        vendors
        (bank_details, business_name, created_at, created_by, tax_id, updated_at, updated_by, user_id, verification_status, id) 
    values
        (?, ?, ?, ?, ?, ?, ?, ?, ?, default)
Hibernate: 
    insert 
    into
        vendors
        (bank_details, business_name, created_at, created_by, tax_id, updated_at, updated_by, user_id, verification_status, id) 
    values
        (?, ?, ?, ?, ?, ?, ?, ?, ?, default)
2026-06-18T15:32:42.566+05:30 DEBUG 22895 --- [nexacart-backend] [           main] org.hibernate.SQL                        : 
    insert 
    into
        stores
        (banner_url, commission_rate, created_at, created_by, description, logo_url, name, updated_at, updated_by, vendor_id, id) 
    values
        (?, ?, ?, ?, ?, ?, ?, ?, ?, ?, default)
Hibernate: 
    insert 
    into
        stores
        (banner_url, commission_rate, created_at, created_by, description, logo_url, name, updated_at, updated_by, vendor_id, id) 
    values
        (?, ?, ?, ?, ?, ?, ?, ?, ?, ?, default)
2026-06-18T15:32:42.566+05:30 DEBUG 22895 --- [nexacart-backend] [           main] org.hibernate.SQL                        : 
    insert 
    into
        categories
        (created_at, created_by, name, parent_id, slug, updated_at, updated_by, id) 
    values
        (?, ?, ?, ?, ?, ?, ?, default)
Hibernate: 
    insert 
    into
        categories
        (created_at, created_by, name, parent_id, slug, updated_at, updated_by, id) 
    values
        (?, ?, ?, ?, ?, ?, ?, default)
2026-06-18T15:32:42.567+05:30 DEBUG 22895 --- [nexacart-backend] [           main] org.hibernate.SQL                        : 
    insert 
    into
        products
        (category_id, created_at, created_by, description, is_active, is_approved, name, price, slug, store_id, updated_at, updated_by, id) 
    values
        (?, ?, ?, ?, ?, ?, ?, ?, ?, ?, ?, ?, default)
Hibernate: 
    insert 
    into
        products
        (category_id, created_at, created_by, description, is_active, is_approved, name, price, slug, store_id, updated_at, updated_by, id) 
    values
        (?, ?, ?, ?, ?, ?, ?, ?, ?, ?, ?, ?, default)
2026-06-18T15:32:42.567+05:30 DEBUG 22895 --- [nexacart-backend] [           main] org.hibernate.SQL                        : 
    insert 
    into
        product_variants
        (color, price_modifier, product_id, size, sku, id) 
    values
        (?, ?, ?, ?, ?, default)
Hibernate: 
    insert 
    into
        product_variants
        (color, price_modifier, product_id, size, sku, id) 
    values
        (?, ?, ?, ?, ?, default)
2026-06-18T15:32:42.567+05:30 DEBUG 22895 --- [nexacart-backend] [           main] org.hibernate.SQL                        : 
    insert 
    into
        inventory
        (low_stock_threshold, product_variant_id, stock_quantity, updated_at, id) 
    values
        (?, ?, ?, ?, default)
Hibernate: 
    insert 
    into
        inventory
        (low_stock_threshold, product_variant_id, stock_quantity, updated_at, id) 
    values
        (?, ?, ?, ?, default)
2026-06-18T15:32:42.568+05:30 DEBUG 22895 --- [nexacart-backend] [           main] org.hibernate.SQL                        : 
    insert 
    into
        orders
        (coupon_id, created_at, order_number, platform_commission, shipping_address_id, status, total_amount, updated_at, user_id, id) 
    values
        (?, ?, ?, ?, ?, ?, ?, ?, ?, default)
Hibernate: 
    insert 
    into
        orders
        (coupon_id, created_at, order_number, platform_commission, shipping_address_id, status, total_amount, updated_at, user_id, id) 
    values
        (?, ?, ?, ?, ?, ?, ?, ?, ?, default)
2026-06-18T15:32:42.568+05:30 DEBUG 22895 --- [nexacart-backend] [           main] org.hibernate.SQL                        : 
    insert 
    into
        order_items
        (fulfillment_status, order_id, price, product_variant_id, quantity, store_id, id) 
    values
        (?, ?, ?, ?, ?, ?, default)
Hibernate: 
    insert 
    into
        order_items
        (fulfillment_status, order_id, price, product_variant_id, quantity, store_id, id) 
    values
        (?, ?, ?, ?, ?, ?, default)
2026-06-18T15:32:42.575+05:30 DEBUG 22895 --- [nexacart-backend] [           main] org.hibernate.SQL                        : 
    select
        coalesce(sum(o1_0.total_amount), 0),
        coalesce(sum(o1_0.platform_commission), 0),
        count(o1_0.id) 
    from
        orders o1_0 
    where
        o1_0.status in ('PAID', 'SHIPPED', 'DELIVERED')
Hibernate: 
    select
        coalesce(sum(o1_0.total_amount), 0),
        coalesce(sum(o1_0.platform_commission), 0),
        count(o1_0.id) 
    from
        orders o1_0 
    where
        o1_0.status in ('PAID', 'SHIPPED', 'DELIVERED')
2026-06-18T15:32:42.579+05:30 DEBUG 22895 --- [nexacart-backend] [           main] org.hibernate.SQL                        : 
    select
        count(u1_0.id) 
    from
        users u1_0 
    left join
        roles r1_0 
            on r1_0.id=u1_0.role_id 
    where
        r1_0.name=?
Hibernate: 
    select
        count(u1_0.id) 
    from
        users u1_0 
    left join
        roles r1_0 
            on r1_0.id=u1_0.role_id 
    where
        r1_0.name=?
2026-06-18T15:32:42.579+05:30 DEBUG 22895 --- [nexacart-backend] [           main] org.hibernate.SQL                        : 
    select
        count(u1_0.id) 
    from
        users u1_0 
    left join
        roles r1_0 
            on r1_0.id=u1_0.role_id 
    where
        r1_0.name=?
Hibernate: 
    select
        count(u1_0.id) 
    from
        users u1_0 
    left join
        roles r1_0 
            on r1_0.id=u1_0.role_id 
    where
        r1_0.name=?
2026-06-18T15:32:42.582+05:30 DEBUG 22895 --- [nexacart-backend] [           main] org.hibernate.SQL                        : 
    select
        count(*) 
    from
        stores s1_0
Hibernate: 
    select
        count(*) 
    from
        stores s1_0
2026-06-18T15:32:42.584+05:30 DEBUG 22895 --- [nexacart-backend] [           main] org.hibernate.SQL                        : 
    select
        extract(year from o1_0.created_at),
        extract(month from o1_0.created_at),
        sum(o1_0.total_amount) 
    from
        orders o1_0 
    where
        o1_0.status in ('PAID', 'SHIPPED', 'DELIVERED') 
    group by
        extract(year from o1_0.created_at),
        extract(month from o1_0.created_at) 
    order by
        extract(year from o1_0.created_at) desc,
        extract(month from o1_0.created_at) desc
Hibernate: 
    select
        extract(year from o1_0.created_at),
        extract(month from o1_0.created_at),
        sum(o1_0.total_amount) 
    from
        orders o1_0 
    where
        o1_0.status in ('PAID', 'SHIPPED', 'DELIVERED') 
    group by
        extract(year from o1_0.created_at),
        extract(month from o1_0.created_at) 
    order by
        extract(year from o1_0.created_at) desc,
        extract(month from o1_0.created_at) desc
]]></system-out>
  </testcase>
  <testcase name="testVendorAnalyticsFlowAndCaching" classname="com.nexacart.backend.modules.analytics.controller.AnalyticsControllerTest" time="0.02">
    <system-out><![CDATA[2026-06-18T15:32:42.591+05:30 DEBUG 22895 --- [nexacart-backend] [           main] org.hibernate.SQL                        : 
    select
        r1_0.id,
        r1_0.name 
    from
        roles r1_0 
    where
        r1_0.name=?
Hibernate: 
    select
        r1_0.id,
        r1_0.name 
    from
        roles r1_0 
    where
        r1_0.name=?
2026-06-18T15:32:42.592+05:30 DEBUG 22895 --- [nexacart-backend] [           main] org.hibernate.SQL                        : 
    select
        r1_0.id,
        r1_0.name 
    from
        roles r1_0 
    where
        r1_0.name=?
Hibernate: 
    select
        r1_0.id,
        r1_0.name 
    from
        roles r1_0 
    where
        r1_0.name=?
2026-06-18T15:32:42.592+05:30 DEBUG 22895 --- [nexacart-backend] [           main] org.hibernate.SQL                        : 
    select
        r1_0.id,
        r1_0.name 
    from
        roles r1_0 
    where
        r1_0.name=?
Hibernate: 
    select
        r1_0.id,
        r1_0.name 
    from
        roles r1_0 
    where
        r1_0.name=?
2026-06-18T15:32:42.592+05:30 DEBUG 22895 --- [nexacart-backend] [           main] org.hibernate.SQL                        : 
    insert 
    into
        users
        (created_at, created_by, email, first_name, last_name, password, phone, role_id, status, updated_at, updated_by, id) 
    values
        (?, ?, ?, ?, ?, ?, ?, ?, ?, ?, ?, default)
Hibernate: 
    insert 
    into
        users
        (created_at, created_by, email, first_name, last_name, password, phone, role_id, status, updated_at, updated_by, id) 
    values
        (?, ?, ?, ?, ?, ?, ?, ?, ?, ?, ?, default)
2026-06-18T15:32:42.593+05:30 DEBUG 22895 --- [nexacart-backend] [           main] org.hibernate.SQL                        : 
    insert 
    into
        addresses
        (city, country, created_at, created_by, is_default, state, street, updated_at, updated_by, user_id, zip_code, id) 
    values
        (?, ?, ?, ?, ?, ?, ?, ?, ?, ?, ?, default)
Hibernate: 
    insert 
    into
        addresses
        (city, country, created_at, created_by, is_default, state, street, updated_at, updated_by, user_id, zip_code, id) 
    values
        (?, ?, ?, ?, ?, ?, ?, ?, ?, ?, ?, default)
2026-06-18T15:32:42.593+05:30 DEBUG 22895 --- [nexacart-backend] [           main] org.hibernate.SQL                        : 
    insert 
    into
        users
        (created_at, created_by, email, first_name, last_name, password, phone, role_id, status, updated_at, updated_by, id) 
    values
        (?, ?, ?, ?, ?, ?, ?, ?, ?, ?, ?, default)
Hibernate: 
    insert 
    into
        users
        (created_at, created_by, email, first_name, last_name, password, phone, role_id, status, updated_at, updated_by, id) 
    values
        (?, ?, ?, ?, ?, ?, ?, ?, ?, ?, ?, default)
2026-06-18T15:32:42.594+05:30 DEBUG 22895 --- [nexacart-backend] [           main] org.hibernate.SQL                        : 
    insert 
    into
        vendors
        (bank_details, business_name, created_at, created_by, tax_id, updated_at, updated_by, user_id, verification_status, id) 
    values
        (?, ?, ?, ?, ?, ?, ?, ?, ?, default)
Hibernate: 
    insert 
    into
        vendors
        (bank_details, business_name, created_at, created_by, tax_id, updated_at, updated_by, user_id, verification_status, id) 
    values
        (?, ?, ?, ?, ?, ?, ?, ?, ?, default)
2026-06-18T15:32:42.594+05:30 DEBUG 22895 --- [nexacart-backend] [           main] org.hibernate.SQL                        : 
    insert 
    into
        stores
        (banner_url, commission_rate, created_at, created_by, description, logo_url, name, updated_at, updated_by, vendor_id, id) 
    values
        (?, ?, ?, ?, ?, ?, ?, ?, ?, ?, default)
Hibernate: 
    insert 
    into
        stores
        (banner_url, commission_rate, created_at, created_by, description, logo_url, name, updated_at, updated_by, vendor_id, id) 
    values
        (?, ?, ?, ?, ?, ?, ?, ?, ?, ?, default)
2026-06-18T15:32:42.595+05:30 DEBUG 22895 --- [nexacart-backend] [           main] org.hibernate.SQL                        : 
    insert 
    into
        categories
        (created_at, created_by, name, parent_id, slug, updated_at, updated_by, id) 
    values
        (?, ?, ?, ?, ?, ?, ?, default)
Hibernate: 
    insert 
    into
        categories
        (created_at, created_by, name, parent_id, slug, updated_at, updated_by, id) 
    values
        (?, ?, ?, ?, ?, ?, ?, default)
2026-06-18T15:32:42.595+05:30 DEBUG 22895 --- [nexacart-backend] [           main] org.hibernate.SQL                        : 
    insert 
    into
        products
        (category_id, created_at, created_by, description, is_active, is_approved, name, price, slug, store_id, updated_at, updated_by, id) 
    values
        (?, ?, ?, ?, ?, ?, ?, ?, ?, ?, ?, ?, default)
Hibernate: 
    insert 
    into
        products
        (category_id, created_at, created_by, description, is_active, is_approved, name, price, slug, store_id, updated_at, updated_by, id) 
    values
        (?, ?, ?, ?, ?, ?, ?, ?, ?, ?, ?, ?, default)
2026-06-18T15:32:42.596+05:30 DEBUG 22895 --- [nexacart-backend] [           main] org.hibernate.SQL                        : 
    insert 
    into
        product_variants
        (color, price_modifier, product_id, size, sku, id) 
    values
        (?, ?, ?, ?, ?, default)
Hibernate: 
    insert 
    into
        product_variants
        (color, price_modifier, product_id, size, sku, id) 
    values
        (?, ?, ?, ?, ?, default)
2026-06-18T15:32:42.596+05:30 DEBUG 22895 --- [nexacart-backend] [           main] org.hibernate.SQL                        : 
    insert 
    into
        inventory
        (low_stock_threshold, product_variant_id, stock_quantity, updated_at, id) 
    values
        (?, ?, ?, ?, default)
Hibernate: 
    insert 
    into
        inventory
        (low_stock_threshold, product_variant_id, stock_quantity, updated_at, id) 
    values
        (?, ?, ?, ?, default)
2026-06-18T15:32:42.596+05:30 DEBUG 22895 --- [nexacart-backend] [           main] org.hibernate.SQL                        : 
    insert 
    into
        orders
        (coupon_id, created_at, order_number, platform_commission, shipping_address_id, status, total_amount, updated_at, user_id, id) 
    values
        (?, ?, ?, ?, ?, ?, ?, ?, ?, default)
Hibernate: 
    insert 
    into
        orders
        (coupon_id, created_at, order_number, platform_commission, shipping_address_id, status, total_amount, updated_at, user_id, id) 
    values
        (?, ?, ?, ?, ?, ?, ?, ?, ?, default)
2026-06-18T15:32:42.597+05:30 DEBUG 22895 --- [nexacart-backend] [           main] org.hibernate.SQL                        : 
    insert 
    into
        order_items
        (fulfillment_status, order_id, price, product_variant_id, quantity, store_id, id) 
    values
        (?, ?, ?, ?, ?, ?, default)
Hibernate: 
    insert 
    into
        order_items
        (fulfillment_status, order_id, price, product_variant_id, quantity, store_id, id) 
    values
        (?, ?, ?, ?, ?, ?, default)
2026-06-18T15:32:42.599+05:30 DEBUG 22895 --- [nexacart-backend] [           main] org.hibernate.SQL                        : 
    select
        s1_0.id,
        s1_0.banner_url,
        s1_0.commission_rate,
        s1_0.created_at,
        s1_0.created_by,
        s1_0.description,
        s1_0.logo_url,
        s1_0.name,
        s1_0.updated_at,
        s1_0.updated_by,
        s1_0.vendor_id 
    from
        stores s1_0 
    left join
        vendors v1_0 
            on v1_0.id=s1_0.vendor_id 
    left join
        users u1_0 
            on u1_0.id=v1_0.user_id 
    where
        u1_0.email=?
Hibernate: 
    select
        s1_0.id,
        s1_0.banner_url,
        s1_0.commission_rate,
        s1_0.created_at,
        s1_0.created_by,
        s1_0.description,
        s1_0.logo_url,
        s1_0.name,
        s1_0.updated_at,
        s1_0.updated_by,
        s1_0.vendor_id 
    from
        stores s1_0 
    left join
        vendors v1_0 
            on v1_0.id=s1_0.vendor_id 
    left join
        users u1_0 
            on u1_0.id=v1_0.user_id 
    where
        u1_0.email=?
2026-06-18T15:32:42.602+05:30 DEBUG 22895 --- [nexacart-backend] [           main] org.hibernate.SQL                        : 
    update
        products 
    set
        category_id=?,
        description=?,
        is_active=?,
        is_approved=?,
        name=?,
        price=?,
        slug=?,
        store_id=?,
        updated_at=?,
        updated_by=? 
    where
        id=?
Hibernate: 
    update
        products 
    set
        category_id=?,
        description=?,
        is_active=?,
        is_approved=?,
        name=?,
        price=?,
        slug=?,
        store_id=?,
        updated_at=?,
        updated_by=? 
    where
        id=?
2026-06-18T15:32:42.602+05:30 DEBUG 22895 --- [nexacart-backend] [           main] org.hibernate.SQL                        : 
    select
        coalesce(sum((oi1_0.price*oi1_0.quantity)), 0),
        coalesce(sum(oi1_0.quantity), 0),
        count(distinct oi1_0.order_id) 
    from
        order_items oi1_0 
    join
        orders o1_0 
            on o1_0.id=oi1_0.order_id 
    where
        oi1_0.store_id=? 
        and o1_0.status in ('PAID', 'SHIPPED', 'DELIVERED')
Hibernate: 
    select
        coalesce(sum((oi1_0.price*oi1_0.quantity)), 0),
        coalesce(sum(oi1_0.quantity), 0),
        count(distinct oi1_0.order_id) 
    from
        order_items oi1_0 
    join
        orders o1_0 
            on o1_0.id=oi1_0.order_id 
    where
        oi1_0.store_id=? 
        and o1_0.status in ('PAID', 'SHIPPED', 'DELIVERED')
2026-06-18T15:32:42.604+05:30 DEBUG 22895 --- [nexacart-backend] [           main] org.hibernate.SQL                        : 
    select
        count(i1_0.id) 
    from
        inventory i1_0 
    join
        product_variants pv1_0 
            on pv1_0.id=i1_0.product_variant_id 
    join
        products p1_0 
            on p1_0.id=pv1_0.product_id 
    where
        p1_0.store_id=? 
        and i1_0.stock_quantity<=i1_0.low_stock_threshold
Hibernate: 
    select
        count(i1_0.id) 
    from
        inventory i1_0 
    join
        product_variants pv1_0 
            on pv1_0.id=i1_0.product_variant_id 
    join
        products p1_0 
            on p1_0.id=pv1_0.product_id 
    where
        p1_0.store_id=? 
        and i1_0.stock_quantity<=i1_0.low_stock_threshold
2026-06-18T15:32:42.606+05:30 DEBUG 22895 --- [nexacart-backend] [           main] org.hibernate.SQL                        : 
    select
        extract(year from o1_0.created_at),
        extract(month from o1_0.created_at),
        sum((oi1_0.price*oi1_0.quantity)) 
    from
        order_items oi1_0 
    join
        orders o1_0 
            on o1_0.id=oi1_0.order_id 
    where
        oi1_0.store_id=? 
        and o1_0.status in ('PAID', 'SHIPPED', 'DELIVERED') 
    group by
        extract(year from o1_0.created_at),
        extract(month from o1_0.created_at) 
    order by
        extract(year from o1_0.created_at) desc,
        extract(month from o1_0.created_at) desc
Hibernate: 
    select
        extract(year from o1_0.created_at),
        extract(month from o1_0.created_at),
        sum((oi1_0.price*oi1_0.quantity)) 
    from
        order_items oi1_0 
    join
        orders o1_0 
            on o1_0.id=oi1_0.order_id 
    where
        oi1_0.store_id=? 
        and o1_0.status in ('PAID', 'SHIPPED', 'DELIVERED') 
    group by
        extract(year from o1_0.created_at),
        extract(month from o1_0.created_at) 
    order by
        extract(year from o1_0.created_at) desc,
        extract(month from o1_0.created_at) desc
]]></system-out>
  </testcase>
</testsuite>